running egg_info
writing build/spot_cam_ros2/spot_cam_ros2.egg-info/PKG-INFO
writing dependency_links to build/spot_cam_ros2/spot_cam_ros2.egg-info/dependency_links.txt
writing entry points to build/spot_cam_ros2/spot_cam_ros2.egg-info/entry_points.txt
writing requirements to build/spot_cam_ros2/spot_cam_ros2.egg-info/requires.txt
writing top-level names to build/spot_cam_ros2/spot_cam_ros2.egg-info/top_level.txt
reading manifest file 'build/spot_cam_ros2/spot_cam_ros2.egg-info/SOURCES.txt'
writing manifest file 'build/spot_cam_ros2/spot_cam_ros2.egg-info/SOURCES.txt'
running build
running build_py
copying spot_cam_ros2/example2.py -> /root/ros2_ws/src/spot_cam_ros2/build/spot_cam_ros2/build/lib/spot_cam_ros2
copying spot_cam_ros2/webrtc.py -> /root/ros2_ws/src/spot_cam_ros2/build/spot_cam_ros2/build/lib/spot_cam_ros2
copying spot_cam_ros2/command_line.py -> /root/ros2_ws/src/spot_cam_ros2/build/spot_cam_ros2/build/lib/spot_cam_ros2
copying spot_cam_ros2/media_log.py -> /root/ros2_ws/src/spot_cam_ros2/build/spot_cam_ros2/build/lib/spot_cam_ros2
copying spot_cam_ros2/health.py -> /root/ros2_ws/src/spot_cam_ros2/build/spot_cam_ros2/build/lib/spot_cam_ros2
copying spot_cam_ros2/version.py -> /root/ros2_ws/src/spot_cam_ros2/build/spot_cam_ros2/build/lib/spot_cam_ros2
copying spot_cam_ros2/ptz.py -> /root/ros2_ws/src/spot_cam_ros2/build/spot_cam_ros2/build/lib/spot_cam_ros2
copying spot_cam_ros2/webrtc_client.py -> /root/ros2_ws/src/spot_cam_ros2/build/spot_cam_ros2/build/lib/spot_cam_ros2
copying spot_cam_ros2/compositor.py -> /root/ros2_ws/src/spot_cam_ros2/build/spot_cam_ros2/build/lib/spot_cam_ros2
copying spot_cam_ros2/example.py -> /root/ros2_ws/src/spot_cam_ros2/build/spot_cam_ros2/build/lib/spot_cam_ros2
copying spot_cam_ros2/utils.py -> /root/ros2_ws/src/spot_cam_ros2/build/spot_cam_ros2/build/lib/spot_cam_ros2
copying spot_cam_ros2/power.py -> /root/ros2_ws/src/spot_cam_ros2/build/spot_cam_ros2/build/lib/spot_cam_ros2
copying spot_cam_ros2/streamquality.py -> /root/ros2_ws/src/spot_cam_ros2/build/spot_cam_ros2/build/lib/spot_cam_ros2
copying spot_cam_ros2/lighting.py -> /root/ros2_ws/src/spot_cam_ros2/build/spot_cam_ros2/build/lib/spot_cam_ros2
copying spot_cam_ros2/audio.py -> /root/ros2_ws/src/spot_cam_ros2/build/spot_cam_ros2/build/lib/spot_cam_ros2
copying spot_cam_ros2/network.py -> /root/ros2_ws/src/spot_cam_ros2/build/spot_cam_ros2/build/lib/spot_cam_ros2
running install
/usr/local/lib/python3.10/dist-packages/setuptools/command/install.py:34: SetuptoolsDeprecationWarning: setup.py install is deprecated. Use build and pip and other standards-based tools.
  warnings.warn(
running install_lib
copying /root/ros2_ws/src/spot_cam_ros2/build/spot_cam_ros2/build/lib/spot_cam_ros2/example2.py -> /root/ros2_ws/src/spot_cam_ros2/install/spot_cam_ros2/lib/python3.10/site-packages/spot_cam_ros2
copying /root/ros2_ws/src/spot_cam_ros2/build/spot_cam_ros2/build/lib/spot_cam_ros2/webrtc.py -> /root/ros2_ws/src/spot_cam_ros2/install/spot_cam_ros2/lib/python3.10/site-packages/spot_cam_ros2
copying /root/ros2_ws/src/spot_cam_ros2/build/spot_cam_ros2/build/lib/spot_cam_ros2/command_line.py -> /root/ros2_ws/src/spot_cam_ros2/install/spot_cam_ros2/lib/python3.10/site-packages/spot_cam_ros2
copying /root/ros2_ws/src/spot_cam_ros2/build/spot_cam_ros2/build/lib/spot_cam_ros2/media_log.py -> /root/ros2_ws/src/spot_cam_ros2/install/spot_cam_ros2/lib/python3.10/site-packages/spot_cam_ros2
copying /root/ros2_ws/src/spot_cam_ros2/build/spot_cam_ros2/build/lib/spot_cam_ros2/health.py -> /root/ros2_ws/src/spot_cam_ros2/install/spot_cam_ros2/lib/python3.10/site-packages/spot_cam_ros2
copying /root/ros2_ws/src/spot_cam_ros2/build/spot_cam_ros2/build/lib/spot_cam_ros2/version.py -> /root/ros2_ws/src/spot_cam_ros2/install/spot_cam_ros2/lib/python3.10/site-packages/spot_cam_ros2
copying /root/ros2_ws/src/spot_cam_ros2/build/spot_cam_ros2/build/lib/spot_cam_ros2/ptz.py -> /root/ros2_ws/src/spot_cam_ros2/install/spot_cam_ros2/lib/python3.10/site-packages/spot_cam_ros2
copying /root/ros2_ws/src/spot_cam_ros2/build/spot_cam_ros2/build/lib/spot_cam_ros2/webrtc_client.py -> /root/ros2_ws/src/spot_cam_ros2/install/spot_cam_ros2/lib/python3.10/site-packages/spot_cam_ros2
copying /root/ros2_ws/src/spot_cam_ros2/build/spot_cam_ros2/build/lib/spot_cam_ros2/compositor.py -> /root/ros2_ws/src/spot_cam_ros2/install/spot_cam_ros2/lib/python3.10/site-packages/spot_cam_ros2
copying /root/ros2_ws/src/spot_cam_ros2/build/spot_cam_ros2/build/lib/spot_cam_ros2/example.py -> /root/ros2_ws/src/spot_cam_ros2/install/spot_cam_ros2/lib/python3.10/site-packages/spot_cam_ros2
copying /root/ros2_ws/src/spot_cam_ros2/build/spot_cam_ros2/build/lib/spot_cam_ros2/utils.py -> /root/ros2_ws/src/spot_cam_ros2/install/spot_cam_ros2/lib/python3.10/site-packages/spot_cam_ros2
copying /root/ros2_ws/src/spot_cam_ros2/build/spot_cam_ros2/build/lib/spot_cam_ros2/power.py -> /root/ros2_ws/src/spot_cam_ros2/install/spot_cam_ros2/lib/python3.10/site-packages/spot_cam_ros2
copying /root/ros2_ws/src/spot_cam_ros2/build/spot_cam_ros2/build/lib/spot_cam_ros2/streamquality.py -> /root/ros2_ws/src/spot_cam_ros2/install/spot_cam_ros2/lib/python3.10/site-packages/spot_cam_ros2
copying /root/ros2_ws/src/spot_cam_ros2/build/spot_cam_ros2/build/lib/spot_cam_ros2/lighting.py -> /root/ros2_ws/src/spot_cam_ros2/install/spot_cam_ros2/lib/python3.10/site-packages/spot_cam_ros2
copying /root/ros2_ws/src/spot_cam_ros2/build/spot_cam_ros2/build/lib/spot_cam_ros2/audio.py -> /root/ros2_ws/src/spot_cam_ros2/install/spot_cam_ros2/lib/python3.10/site-packages/spot_cam_ros2
copying /root/ros2_ws/src/spot_cam_ros2/build/spot_cam_ros2/build/lib/spot_cam_ros2/network.py -> /root/ros2_ws/src/spot_cam_ros2/install/spot_cam_ros2/lib/python3.10/site-packages/spot_cam_ros2
byte-compiling /root/ros2_ws/src/spot_cam_ros2/install/spot_cam_ros2/lib/python3.10/site-packages/spot_cam_ros2/example2.py to example2.cpython-310.pyc
byte-compiling /root/ros2_ws/src/spot_cam_ros2/install/spot_cam_ros2/lib/python3.10/site-packages/spot_cam_ros2/webrtc.py to webrtc.cpython-310.pyc
byte-compiling /root/ros2_ws/src/spot_cam_ros2/install/spot_cam_ros2/lib/python3.10/site-packages/spot_cam_ros2/command_line.py to command_line.cpython-310.pyc
byte-compiling /root/ros2_ws/src/spot_cam_ros2/install/spot_cam_ros2/lib/python3.10/site-packages/spot_cam_ros2/media_log.py to media_log.cpython-310.pyc
byte-compiling /root/ros2_ws/src/spot_cam_ros2/install/spot_cam_ros2/lib/python3.10/site-packages/spot_cam_ros2/health.py to health.cpython-310.pyc
byte-compiling /root/ros2_ws/src/spot_cam_ros2/install/spot_cam_ros2/lib/python3.10/site-packages/spot_cam_ros2/version.py to version.cpython-310.pyc
byte-compiling /root/ros2_ws/src/spot_cam_ros2/install/spot_cam_ros2/lib/python3.10/site-packages/spot_cam_ros2/ptz.py to ptz.cpython-310.pyc
byte-compiling /root/ros2_ws/src/spot_cam_ros2/install/spot_cam_ros2/lib/python3.10/site-packages/spot_cam_ros2/webrtc_client.py to webrtc_client.cpython-310.pyc
byte-compiling /root/ros2_ws/src/spot_cam_ros2/install/spot_cam_ros2/lib/python3.10/site-packages/spot_cam_ros2/compositor.py to compositor.cpython-310.pyc
byte-compiling /root/ros2_ws/src/spot_cam_ros2/install/spot_cam_ros2/lib/python3.10/site-packages/spot_cam_ros2/example.py to example.cpython-310.pyc
byte-compiling /root/ros2_ws/src/spot_cam_ros2/install/spot_cam_ros2/lib/python3.10/site-packages/spot_cam_ros2/utils.py to utils.cpython-310.pyc
byte-compiling /root/ros2_ws/src/spot_cam_ros2/install/spot_cam_ros2/lib/python3.10/site-packages/spot_cam_ros2/power.py to power.cpython-310.pyc
byte-compiling /root/ros2_ws/src/spot_cam_ros2/install/spot_cam_ros2/lib/python3.10/site-packages/spot_cam_ros2/streamquality.py to streamquality.cpython-310.pyc
byte-compiling /root/ros2_ws/src/spot_cam_ros2/install/spot_cam_ros2/lib/python3.10/site-packages/spot_cam_ros2/lighting.py to lighting.cpython-310.pyc
byte-compiling /root/ros2_ws/src/spot_cam_ros2/install/spot_cam_ros2/lib/python3.10/site-packages/spot_cam_ros2/audio.py to audio.cpython-310.pyc
byte-compiling /root/ros2_ws/src/spot_cam_ros2/install/spot_cam_ros2/lib/python3.10/site-packages/spot_cam_ros2/network.py to network.cpython-310.pyc
running install_data
running install_egg_info
removing '/root/ros2_ws/src/spot_cam_ros2/install/spot_cam_ros2/lib/python3.10/site-packages/spot_cam_ros2-0.0.0-py3.10.egg-info' (and everything under it)
Copying build/spot_cam_ros2/spot_cam_ros2.egg-info to /root/ros2_ws/src/spot_cam_ros2/install/spot_cam_ros2/lib/python3.10/site-packages/spot_cam_ros2-0.0.0-py3.10.egg-info
running install_scripts
Installing hello script to /root/ros2_ws/src/spot_cam_ros2/install/spot_cam_ros2/lib/spot_cam_ros2
Installing hello2 script to /root/ros2_ws/src/spot_cam_ros2/install/spot_cam_ros2/lib/spot_cam_ros2
writing list of installed files to '/root/ros2_ws/src/spot_cam_ros2/build/spot_cam_ros2/install.log'
