-- The C compiler identification is GNU 11.4.0
-- The CXX compiler identification is GNU 11.4.0
-- Detecting C compiler ABI info
-- Detecting C compiler ABI info - done
-- Check for working C compiler: /usr/bin/cc - skipped
-- Detecting C compile features
-- Detecting C compile features - done
-- Detecting CXX compiler ABI info
-- Detecting CXX compiler ABI info - done
-- Check for working CXX compiler: /usr/bin/c++ - skipped
-- Detecting CXX compile features
-- Detecting CXX compile features - done
-- Found ament_cmake: 1.3.7 (/opt/ros/humble/share/ament_cmake/cmake)
-- Found Python3: /usr/bin/python3.10 (found version "3.10.12") found components: Interpreter 
-- Found rosidl_default_generators: 1.2.0 (/opt/ros/humble/share/rosidl_default_generators/cmake)
-- Using all available rosidl_typesupport_c: rosidl_typesupport_fastrtps_c;rosidl_typesupport_introspection_c
-- Found rosidl_adapter: 3.1.5 (/opt/ros/humble/share/rosidl_adapter/cmake)
-- Using all available rosidl_typesupport_cpp: rosidl_typesupport_fastrtps_cpp;rosidl_typesupport_introspection_cpp
-- Found ament_cmake_ros: 0.10.0 (/opt/ros/humble/share/ament_cmake_ros/cmake)
-- Using all available rosidl_typesupport_c: rosidl_typesupport_fastrtps_c;rosidl_typesupport_introspection_c
-- Using all available rosidl_typesupport_cpp: rosidl_typesupport_fastrtps_cpp;rosidl_typesupport_introspection_cpp
-- Found PythonInterp: /usr/bin/python3 (found suitable version "3.10.12", minimum required is "3.6") 
-- Found python_cmake_module: 0.10.0 (/opt/ros/humble/share/python_cmake_module/cmake)
-- Found PythonLibs: /usr/lib/x86_64-linux-gnu/libpython3.10.so (found suitable version "3.10.12", minimum required is "3.5") 
-- Using PYTHON_EXECUTABLE: /usr/bin/python3
-- Using PYTHON_INCLUDE_DIRS: /usr/include/python3.10
-- Using PYTHON_LIBRARIES: /usr/lib/x86_64-linux-gnu/libpython3.10.so
-- Found PythonExtra: .so  
-- Found ament_lint_auto: 0.12.10 (/opt/ros/humble/share/ament_lint_auto/cmake)
-- Added test 'cppcheck' to perform static code analysis on C / C++ code
-- Configured cppcheck include dirs: $<BUILD_INTERFACE:/root/ros2_ws/src/create_message_types/build/create_message_types/rosidl_generator_c>;$<BUILD_INTERFACE:/root/ros2_ws/src/create_message_types/build/create_message_types/rosidl_typesupport_fastrtps_c>;$<BUILD_INTERFACE:/root/ros2_ws/src/create_message_types/build/create_message_types/rosidl_typesupport_introspection_c>;$<BUILD_INTERFACE:/root/ros2_ws/src/create_message_types/build/create_message_types/rosidl_generator_cpp>;$<BUILD_INTERFACE:/root/ros2_ws/src/create_message_types/build/create_message_types/rosidl_typesupport_fastrtps_cpp>;$<BUILD_INTERFACE:/root/ros2_ws/src/create_message_types/build/create_message_types/rosidl_typesupport_introspection_cpp>;/root/ros2_ws/src/create_message_types/build/create_message_types/rosidl_generator_c;/root/ros2_ws/src/create_message_types/build/create_message_types/rosidl_generator_py
-- Configured cppcheck exclude dirs and/or files: 
-- Added test 'flake8' to check Python code syntax and style conventions
-- Added test 'lint_cmake' to check CMake code style
-- Added test 'pep257' to check Python code against some of the docstring style conventions in PEP 257
-- Added test 'uncrustify' to check C / C++ code style
-- Configured uncrustify additional arguments: 
-- Added test 'xmllint' to check XML markup files
-- Configuring done
-- Generating done
-- Build files have been written to: /root/ros2_ws/src/create_message_types/build/create_message_types
[  1%] [34m[1mGenerating C code for ROS interfaces[0m
[  3%] [34m[1mGenerating C++ code for ROS interfaces[0m
[  3%] Built target ament_cmake_python_copy_create_message_types
running egg_info
creating create_message_types.egg-info
writing create_message_types.egg-info/PKG-INFO
writing dependency_links to create_message_types.egg-info/dependency_links.txt
writing top-level names to create_message_types.egg-info/top_level.txt
writing manifest file 'create_message_types.egg-info/SOURCES.txt'
reading manifest file 'create_message_types.egg-info/SOURCES.txt'
writing manifest file 'create_message_types.egg-info/SOURCES.txt'
[  3%] Built target ament_cmake_python_build_create_message_types_egg
[  3%] Built target create_message_types__cpp
[  4%] [34m[1mGenerating C++ type support dispatch for ROS interfaces[0m
[  6%] [34m[1mGenerating C++ type support for eProsima Fast-RTPS[0m
[  7%] [34m[1mGenerating C++ introspection for ROS interfaces[0m
[  9%] [32mBuilding C object CMakeFiles/create_message_types__rosidl_generator_c.dir/rosidl_generator_c/create_message_types/msg/detail/num__functions.c.o[0m
[ 11%] [32mBuilding C object CMakeFiles/create_message_types__rosidl_generator_c.dir/rosidl_generator_c/create_message_types/srv/detail/light__functions.c.o[0m
[ 12%] [32mBuilding C object CMakeFiles/create_message_types__rosidl_generator_c.dir/rosidl_generator_c/create_message_types/srv/detail/camera_ptz__functions.c.o[0m
[ 15%] [32mBuilding C object CMakeFiles/create_message_types__rosidl_generator_c.dir/rosidl_generator_c/create_message_types/srv/detail/camera__functions.c.o[0m
[ 15%] [32mBuilding C object CMakeFiles/create_message_types__rosidl_generator_c.dir/rosidl_generator_c/create_message_types/srv/detail/add_three_ints__functions.c.o[0m
[ 17%] [32m[1mLinking C shared library libcreate_message_types__rosidl_generator_c.so[0m
[ 17%] Built target create_message_types__rosidl_generator_c
[ 19%] [34m[1mGenerating C type support for eProsima Fast-RTPS[0m
[ 20%] [34m[1mGenerating C introspection for ROS interfaces[0m
[ 22%] [34m[1mGenerating C type support dispatch for ROS interfaces[0m
[ 23%] [32mBuilding CXX object CMakeFiles/create_message_types__rosidl_typesupport_cpp.dir/rosidl_typesupport_cpp/create_message_types/srv/camera_ptz__type_support.cpp.o[0m
[ 26%] [32mBuilding CXX object CMakeFiles/create_message_types__rosidl_typesupport_cpp.dir/rosidl_typesupport_cpp/create_message_types/msg/num__type_support.cpp.o[0m
[ 26%] [32mBuilding CXX object CMakeFiles/create_message_types__rosidl_typesupport_cpp.dir/rosidl_typesupport_cpp/create_message_types/srv/light__type_support.cpp.o[0m
[ 28%] [32mBuilding CXX object CMakeFiles/create_message_types__rosidl_typesupport_cpp.dir/rosidl_typesupport_cpp/create_message_types/srv/camera__type_support.cpp.o[0m
[ 30%] [32mBuilding CXX object CMakeFiles/create_message_types__rosidl_typesupport_cpp.dir/rosidl_typesupport_cpp/create_message_types/srv/add_three_ints__type_support.cpp.o[0m
[ 31%] [32mBuilding CXX object CMakeFiles/create_message_types__rosidl_typesupport_introspection_cpp.dir/rosidl_typesupport_introspection_cpp/create_message_types/msg/detail/num__type_support.cpp.o[0m
[ 33%] [32mBuilding CXX object CMakeFiles/create_message_types__rosidl_typesupport_introspection_cpp.dir/rosidl_typesupport_introspection_cpp/create_message_types/srv/detail/camera__type_support.cpp.o[0m
[ 34%] [32mBuilding CXX object CMakeFiles/create_message_types__rosidl_typesupport_introspection_cpp.dir/rosidl_typesupport_introspection_cpp/create_message_types/srv/detail/light__type_support.cpp.o[0m
[ 36%] [32mBuilding CXX object CMakeFiles/create_message_types__rosidl_typesupport_introspection_cpp.dir/rosidl_typesupport_introspection_cpp/create_message_types/srv/detail/camera_ptz__type_support.cpp.o[0m
[ 38%] [32mBuilding CXX object CMakeFiles/create_message_types__rosidl_typesupport_introspection_cpp.dir/rosidl_typesupport_introspection_cpp/create_message_types/srv/detail/add_three_ints__type_support.cpp.o[0m
[ 41%] [32mBuilding CXX object CMakeFiles/create_message_types__rosidl_typesupport_c.dir/rosidl_typesupport_c/create_message_types/msg/num__type_support.cpp.o[0m
[ 41%] [32mBuilding CXX object CMakeFiles/create_message_types__rosidl_typesupport_c.dir/rosidl_typesupport_c/create_message_types/srv/camera_ptz__type_support.cpp.o[0m
[ 42%] [32mBuilding CXX object CMakeFiles/create_message_types__rosidl_typesupport_c.dir/rosidl_typesupport_c/create_message_types/srv/add_three_ints__type_support.cpp.o[0m
[ 44%] [32mBuilding CXX object CMakeFiles/create_message_types__rosidl_typesupport_c.dir/rosidl_typesupport_c/create_message_types/srv/light__type_support.cpp.o[0m
[ 46%] [32mBuilding CXX object CMakeFiles/create_message_types__rosidl_typesupport_c.dir/rosidl_typesupport_c/create_message_types/srv/camera__type_support.cpp.o[0m
[ 47%] [32m[1mLinking CXX shared library libcreate_message_types__rosidl_typesupport_c.so[0m
[ 49%] [32mBuilding CXX object CMakeFiles/create_message_types__rosidl_typesupport_fastrtps_cpp.dir/rosidl_typesupport_fastrtps_cpp/create_message_types/msg/detail/dds_fastrtps/num__type_support.cpp.o[0m
[ 53%] [32mBuilding CXX object CMakeFiles/create_message_types__rosidl_typesupport_fastrtps_cpp.dir/rosidl_typesupport_fastrtps_cpp/create_message_types/srv/detail/dds_fastrtps/add_three_ints__type_support.cpp.o[0m
[ 53%] [32mBuilding CXX object CMakeFiles/create_message_types__rosidl_typesupport_fastrtps_cpp.dir/rosidl_typesupport_fastrtps_cpp/create_message_types/srv/detail/dds_fastrtps/camera__type_support.cpp.o[0m
[ 55%] [32mBuilding CXX object CMakeFiles/create_message_types__rosidl_typesupport_fastrtps_cpp.dir/rosidl_typesupport_fastrtps_cpp/create_message_types/srv/detail/dds_fastrtps/light__type_support.cpp.o[0m
[ 55%] [32mBuilding CXX object CMakeFiles/create_message_types__rosidl_typesupport_fastrtps_cpp.dir/rosidl_typesupport_fastrtps_cpp/create_message_types/srv/detail/dds_fastrtps/camera_ptz__type_support.cpp.o[0m
[ 55%] Built target create_message_types__rosidl_typesupport_c
[ 63%] [32mBuilding C object CMakeFiles/create_message_types__rosidl_typesupport_introspection_c.dir/rosidl_typesupport_introspection_c/create_message_types/srv/detail/camera_ptz__type_support.c.o[0m
[ 63%] [32mBuilding C object CMakeFiles/create_message_types__rosidl_typesupport_introspection_c.dir/rosidl_typesupport_introspection_c/create_message_types/msg/detail/num__type_support.c.o[0m
[ 63%] [32mBuilding C object CMakeFiles/create_message_types__rosidl_typesupport_introspection_c.dir/rosidl_typesupport_introspection_c/create_message_types/srv/detail/add_three_ints__type_support.c.o[0m
[ 63%] [32mBuilding C object CMakeFiles/create_message_types__rosidl_typesupport_introspection_c.dir/rosidl_typesupport_introspection_c/create_message_types/srv/detail/light__type_support.c.o[0m
[ 63%] [32mBuilding C object CMakeFiles/create_message_types__rosidl_typesupport_introspection_c.dir/rosidl_typesupport_introspection_c/create_message_types/srv/detail/camera__type_support.c.o[0m
[ 65%] [32m[1mLinking C shared library libcreate_message_types__rosidl_typesupport_introspection_c.so[0m
[ 69%] [32mBuilding CXX object CMakeFiles/create_message_types__rosidl_typesupport_fastrtps_c.dir/rosidl_typesupport_fastrtps_c/create_message_types/srv/detail/light__type_support_c.cpp.o[0m
[ 71%] [32mBuilding CXX object CMakeFiles/create_message_types__rosidl_typesupport_fastrtps_c.dir/rosidl_typesupport_fastrtps_c/create_message_types/msg/detail/num__type_support_c.cpp.o[0m
[ 71%] [32mBuilding CXX object CMakeFiles/create_message_types__rosidl_typesupport_fastrtps_c.dir/rosidl_typesupport_fastrtps_c/create_message_types/srv/detail/add_three_ints__type_support_c.cpp.o[0m
[ 71%] [32mBuilding CXX object CMakeFiles/create_message_types__rosidl_typesupport_fastrtps_c.dir/rosidl_typesupport_fastrtps_c/create_message_types/srv/detail/camera__type_support_c.cpp.o[0m
[ 71%] Built target create_message_types__rosidl_typesupport_introspection_c
[ 73%] [32mBuilding CXX object CMakeFiles/create_message_types__rosidl_typesupport_fastrtps_c.dir/rosidl_typesupport_fastrtps_c/create_message_types/srv/detail/camera_ptz__type_support_c.cpp.o[0m
[ 74%] [32m[1mLinking CXX shared library libcreate_message_types__rosidl_typesupport_cpp.so[0m
[ 74%] Built target create_message_types__rosidl_typesupport_cpp
[ 76%] [32m[1mLinking CXX shared library libcreate_message_types__rosidl_typesupport_introspection_cpp.so[0m
[ 76%] Built target create_message_types__rosidl_typesupport_introspection_cpp
[ 77%] [32m[1mLinking CXX shared library libcreate_message_types__rosidl_typesupport_fastrtps_cpp.so[0m
[ 79%] [32m[1mLinking CXX shared library libcreate_message_types__rosidl_typesupport_fastrtps_c.so[0m
[ 79%] Built target create_message_types__rosidl_typesupport_fastrtps_cpp
[ 79%] Built target create_message_types__rosidl_typesupport_fastrtps_c
[ 79%] Built target create_message_types
[ 80%] [34m[1mGenerating Python code for ROS interfaces[0m
[ 80%] Built target create_message_types__py
[ 82%] [32mBuilding C object CMakeFiles/create_message_types__rosidl_generator_py.dir/rosidl_generator_py/create_message_types/msg/_num_s.c.o[0m
[ 84%] [32mBuilding C object CMakeFiles/create_message_types__rosidl_generator_py.dir/rosidl_generator_py/create_message_types/srv/_light_s.c.o[0m
[ 85%] [32mBuilding C object CMakeFiles/create_message_types__rosidl_generator_py.dir/rosidl_generator_py/create_message_types/srv/_camera_s.c.o[0m
[ 87%] [32mBuilding C object CMakeFiles/create_message_types__rosidl_generator_py.dir/rosidl_generator_py/create_message_types/srv/_camera_ptz_s.c.o[0m
[ 88%] [32mBuilding C object CMakeFiles/create_message_types__rosidl_generator_py.dir/rosidl_generator_py/create_message_types/srv/_add_three_ints_s.c.o[0m
[ 90%] [32m[1mLinking C shared library rosidl_generator_py/create_message_types/libcreate_message_types__rosidl_generator_py.so[0m
[ 90%] Built target create_message_types__rosidl_generator_py
[ 92%] [32mBuilding C object CMakeFiles/create_message_types__rosidl_typesupport_fastrtps_c__pyext.dir/rosidl_generator_py/create_message_types/_create_message_types_s.ep.rosidl_typesupport_fastrtps_c.c.o[0m
[ 93%] [32mBuilding C object CMakeFiles/create_message_types__rosidl_typesupport_introspection_c__pyext.dir/rosidl_generator_py/create_message_types/_create_message_types_s.ep.rosidl_typesupport_introspection_c.c.o[0m
[ 95%] [32mBuilding C object CMakeFiles/create_message_types__rosidl_typesupport_c__pyext.dir/rosidl_generator_py/create_message_types/_create_message_types_s.ep.rosidl_typesupport_c.c.o[0m
[ 96%] [32m[1mLinking C shared library rosidl_generator_py/create_message_types/create_message_types_s__rosidl_typesupport_c.cpython-310-x86_64-linux-gnu.so[0m
[ 98%] [32m[1mLinking C shared library rosidl_generator_py/create_message_types/create_message_types_s__rosidl_typesupport_introspection_c.cpython-310-x86_64-linux-gnu.so[0m
[100%] [32m[1mLinking C shared library rosidl_generator_py/create_message_types/create_message_types_s__rosidl_typesupport_fastrtps_c.cpython-310-x86_64-linux-gnu.so[0m
[100%] Built target create_message_types__rosidl_typesupport_c__pyext
[100%] Built target create_message_types__rosidl_typesupport_introspection_c__pyext
[100%] Built target create_message_types__rosidl_typesupport_fastrtps_c__pyext
-- Install configuration: ""
-- Installing: /root/ros2_ws/src/create_message_types/install/create_message_types/share/ament_index/resource_index/rosidl_interfaces/create_message_types
-- Installing: /root/ros2_ws/src/create_message_types/install/create_message_types/include/create_message_types/create_message_types
-- Installing: /root/ros2_ws/src/create_message_types/install/create_message_types/include/create_message_types/create_message_types/msg
-- Installing: /root/ros2_ws/src/create_message_types/install/create_message_types/include/create_message_types/create_message_types/msg/num.h
-- Installing: /root/ros2_ws/src/create_message_types/install/create_message_types/include/create_message_types/create_message_types/msg/rosidl_generator_c__visibility_control.h
-- Installing: /root/ros2_ws/src/create_message_types/install/create_message_types/include/create_message_types/create_message_types/msg/detail
-- Installing: /root/ros2_ws/src/create_message_types/install/create_message_types/include/create_message_types/create_message_types/msg/detail/num__type_support.h
-- Installing: /root/ros2_ws/src/create_message_types/install/create_message_types/include/create_message_types/create_message_types/msg/detail/num__struct.h
-- Installing: /root/ros2_ws/src/create_message_types/install/create_message_types/include/create_message_types/create_message_types/msg/detail/num__functions.h
-- Installing: /root/ros2_ws/src/create_message_types/install/create_message_types/include/create_message_types/create_message_types/msg/detail/num__functions.c
-- Installing: /root/ros2_ws/src/create_message_types/install/create_message_types/include/create_message_types/create_message_types/srv
-- Installing: /root/ros2_ws/src/create_message_types/install/create_message_types/include/create_message_types/create_message_types/srv/light.h
-- Installing: /root/ros2_ws/src/create_message_types/install/create_message_types/include/create_message_types/create_message_types/srv/camera_ptz.h
-- Installing: /root/ros2_ws/src/create_message_types/install/create_message_types/include/create_message_types/create_message_types/srv/add_three_ints.h
-- Installing: /root/ros2_ws/src/create_message_types/install/create_message_types/include/create_message_types/create_message_types/srv/camera.h
-- Installing: /root/ros2_ws/src/create_message_types/install/create_message_types/include/create_message_types/create_message_types/srv/detail
-- Installing: /root/ros2_ws/src/create_message_types/install/create_message_types/include/create_message_types/create_message_types/srv/detail/light__struct.h
-- Installing: /root/ros2_ws/src/create_message_types/install/create_message_types/include/create_message_types/create_message_types/srv/detail/add_three_ints__functions.c
-- Installing: /root/ros2_ws/src/create_message_types/install/create_message_types/include/create_message_types/create_message_types/srv/detail/add_three_ints__type_support.h
-- Installing: /root/ros2_ws/src/create_message_types/install/create_message_types/include/create_message_types/create_message_types/srv/detail/camera__functions.h
-- Installing: /root/ros2_ws/src/create_message_types/install/create_message_types/include/create_message_types/create_message_types/srv/detail/add_three_ints__struct.h
-- Installing: /root/ros2_ws/src/create_message_types/install/create_message_types/include/create_message_types/create_message_types/srv/detail/camera_ptz__functions.c
-- Installing: /root/ros2_ws/src/create_message_types/install/create_message_types/include/create_message_types/create_message_types/srv/detail/light__functions.c
-- Installing: /root/ros2_ws/src/create_message_types/install/create_message_types/include/create_message_types/create_message_types/srv/detail/light__functions.h
-- Installing: /root/ros2_ws/src/create_message_types/install/create_message_types/include/create_message_types/create_message_types/srv/detail/camera__functions.c
-- Installing: /root/ros2_ws/src/create_message_types/install/create_message_types/include/create_message_types/create_message_types/srv/detail/camera__struct.h
-- Installing: /root/ros2_ws/src/create_message_types/install/create_message_types/include/create_message_types/create_message_types/srv/detail/camera_ptz__functions.h
-- Installing: /root/ros2_ws/src/create_message_types/install/create_message_types/include/create_message_types/create_message_types/srv/detail/camera__type_support.h
-- Installing: /root/ros2_ws/src/create_message_types/install/create_message_types/include/create_message_types/create_message_types/srv/detail/camera_ptz__struct.h
-- Installing: /root/ros2_ws/src/create_message_types/install/create_message_types/include/create_message_types/create_message_types/srv/detail/camera_ptz__type_support.h
-- Installing: /root/ros2_ws/src/create_message_types/install/create_message_types/include/create_message_types/create_message_types/srv/detail/light__type_support.h
-- Installing: /root/ros2_ws/src/create_message_types/install/create_message_types/include/create_message_types/create_message_types/srv/detail/add_three_ints__functions.h
-- Installing: /root/ros2_ws/src/create_message_types/install/create_message_types/share/create_message_types/environment/library_path.sh
-- Installing: /root/ros2_ws/src/create_message_types/install/create_message_types/share/create_message_types/environment/library_path.dsv
-- Installing: /root/ros2_ws/src/create_message_types/install/create_message_types/lib/libcreate_message_types__rosidl_generator_c.so
-- Set runtime path of "/root/ros2_ws/src/create_message_types/install/create_message_types/lib/libcreate_message_types__rosidl_generator_c.so" to ""
-- Up-to-date: /root/ros2_ws/src/create_message_types/install/create_message_types/include/create_message_types/create_message_types
-- Up-to-date: /root/ros2_ws/src/create_message_types/install/create_message_types/include/create_message_types/create_message_types/msg
-- Installing: /root/ros2_ws/src/create_message_types/install/create_message_types/include/create_message_types/create_message_types/msg/rosidl_typesupport_fastrtps_c__visibility_control.h
-- Up-to-date: /root/ros2_ws/src/create_message_types/install/create_message_types/include/create_message_types/create_message_types/msg/detail
-- Installing: /root/ros2_ws/src/create_message_types/install/create_message_types/include/create_message_types/create_message_types/msg/detail/num__rosidl_typesupport_fastrtps_c.h
-- Up-to-date: /root/ros2_ws/src/create_message_types/install/create_message_types/include/create_message_types/create_message_types/srv
-- Up-to-date: /root/ros2_ws/src/create_message_types/install/create_message_types/include/create_message_types/create_message_types/srv/detail
-- Installing: /root/ros2_ws/src/create_message_types/install/create_message_types/include/create_message_types/create_message_types/srv/detail/camera_ptz__rosidl_typesupport_fastrtps_c.h
-- Installing: /root/ros2_ws/src/create_message_types/install/create_message_types/include/create_message_types/create_message_types/srv/detail/add_three_ints__rosidl_typesupport_fastrtps_c.h
-- Installing: /root/ros2_ws/src/create_message_types/install/create_message_types/include/create_message_types/create_message_types/srv/detail/camera__rosidl_typesupport_fastrtps_c.h
-- Installing: /root/ros2_ws/src/create_message_types/install/create_message_types/include/create_message_types/create_message_types/srv/detail/light__rosidl_typesupport_fastrtps_c.h
-- Installing: /root/ros2_ws/src/create_message_types/install/create_message_types/lib/libcreate_message_types__rosidl_typesupport_fastrtps_c.so
-- Set runtime path of "/root/ros2_ws/src/create_message_types/install/create_message_types/lib/libcreate_message_types__rosidl_typesupport_fastrtps_c.so" to ""
-- Up-to-date: /root/ros2_ws/src/create_message_types/install/create_message_types/include/create_message_types/create_message_types
-- Up-to-date: /root/ros2_ws/src/create_message_types/install/create_message_types/include/create_message_types/create_message_types/msg
-- Installing: /root/ros2_ws/src/create_message_types/install/create_message_types/include/create_message_types/create_message_types/msg/rosidl_typesupport_introspection_c__visibility_control.h
-- Up-to-date: /root/ros2_ws/src/create_message_types/install/create_message_types/include/create_message_types/create_message_types/msg/detail
-- Installing: /root/ros2_ws/src/create_message_types/install/create_message_types/include/create_message_types/create_message_types/msg/detail/num__type_support.c
-- Installing: /root/ros2_ws/src/create_message_types/install/create_message_types/include/create_message_types/create_message_types/msg/detail/num__rosidl_typesupport_introspection_c.h
-- Up-to-date: /root/ros2_ws/src/create_message_types/install/create_message_types/include/create_message_types/create_message_types/srv
-- Up-to-date: /root/ros2_ws/src/create_message_types/install/create_message_types/include/create_message_types/create_message_types/srv/detail
-- Installing: /root/ros2_ws/src/create_message_types/install/create_message_types/include/create_message_types/create_message_types/srv/detail/camera__type_support.c
-- Installing: /root/ros2_ws/src/create_message_types/install/create_message_types/include/create_message_types/create_message_types/srv/detail/light__rosidl_typesupport_introspection_c.h
-- Installing: /root/ros2_ws/src/create_message_types/install/create_message_types/include/create_message_types/create_message_types/srv/detail/camera_ptz__type_support.c
-- Installing: /root/ros2_ws/src/create_message_types/install/create_message_types/include/create_message_types/create_message_types/srv/detail/camera__rosidl_typesupport_introspection_c.h
-- Installing: /root/ros2_ws/src/create_message_types/install/create_message_types/include/create_message_types/create_message_types/srv/detail/add_three_ints__rosidl_typesupport_introspection_c.h
-- Installing: /root/ros2_ws/src/create_message_types/install/create_message_types/include/create_message_types/create_message_types/srv/detail/camera_ptz__rosidl_typesupport_introspection_c.h
-- Installing: /root/ros2_ws/src/create_message_types/install/create_message_types/include/create_message_types/create_message_types/srv/detail/add_three_ints__type_support.c
-- Installing: /root/ros2_ws/src/create_message_types/install/create_message_types/include/create_message_types/create_message_types/srv/detail/light__type_support.c
-- Installing: /root/ros2_ws/src/create_message_types/install/create_message_types/lib/libcreate_message_types__rosidl_typesupport_introspection_c.so
-- Set runtime path of "/root/ros2_ws/src/create_message_types/install/create_message_types/lib/libcreate_message_types__rosidl_typesupport_introspection_c.so" to ""
-- Installing: /root/ros2_ws/src/create_message_types/install/create_message_types/lib/libcreate_message_types__rosidl_typesupport_c.so
-- Set runtime path of "/root/ros2_ws/src/create_message_types/install/create_message_types/lib/libcreate_message_types__rosidl_typesupport_c.so" to ""
-- Up-to-date: /root/ros2_ws/src/create_message_types/install/create_message_types/include/create_message_types/create_message_types
-- Up-to-date: /root/ros2_ws/src/create_message_types/install/create_message_types/include/create_message_types/create_message_types/msg
-- Installing: /root/ros2_ws/src/create_message_types/install/create_message_types/include/create_message_types/create_message_types/msg/num.hpp
-- Up-to-date: /root/ros2_ws/src/create_message_types/install/create_message_types/include/create_message_types/create_message_types/msg/detail
-- Installing: /root/ros2_ws/src/create_message_types/install/create_message_types/include/create_message_types/create_message_types/msg/detail/num__builder.hpp
-- Installing: /root/ros2_ws/src/create_message_types/install/create_message_types/include/create_message_types/create_message_types/msg/detail/num__traits.hpp
-- Installing: /root/ros2_ws/src/create_message_types/install/create_message_types/include/create_message_types/create_message_types/msg/detail/num__struct.hpp
-- Up-to-date: /root/ros2_ws/src/create_message_types/install/create_message_types/include/create_message_types/create_message_types/srv
-- Installing: /root/ros2_ws/src/create_message_types/install/create_message_types/include/create_message_types/create_message_types/srv/light.hpp
-- Installing: /root/ros2_ws/src/create_message_types/install/create_message_types/include/create_message_types/create_message_types/srv/add_three_ints.hpp
-- Installing: /root/ros2_ws/src/create_message_types/install/create_message_types/include/create_message_types/create_message_types/srv/camera_ptz.hpp
-- Installing: /root/ros2_ws/src/create_message_types/install/create_message_types/include/create_message_types/create_message_types/srv/camera.hpp
-- Up-to-date: /root/ros2_ws/src/create_message_types/install/create_message_types/include/create_message_types/create_message_types/srv/detail
-- Installing: /root/ros2_ws/src/create_message_types/install/create_message_types/include/create_message_types/create_message_types/srv/detail/light__builder.hpp
-- Installing: /root/ros2_ws/src/create_message_types/install/create_message_types/include/create_message_types/create_message_types/srv/detail/camera__traits.hpp
-- Installing: /root/ros2_ws/src/create_message_types/install/create_message_types/include/create_message_types/create_message_types/srv/detail/camera_ptz__traits.hpp
-- Installing: /root/ros2_ws/src/create_message_types/install/create_message_types/include/create_message_types/create_message_types/srv/detail/light__traits.hpp
-- Installing: /root/ros2_ws/src/create_message_types/install/create_message_types/include/create_message_types/create_message_types/srv/detail/add_three_ints__struct.hpp
-- Installing: /root/ros2_ws/src/create_message_types/install/create_message_types/include/create_message_types/create_message_types/srv/detail/camera__struct.hpp
-- Installing: /root/ros2_ws/src/create_message_types/install/create_message_types/include/create_message_types/create_message_types/srv/detail/add_three_ints__builder.hpp
-- Installing: /root/ros2_ws/src/create_message_types/install/create_message_types/include/create_message_types/create_message_types/srv/detail/add_three_ints__traits.hpp
-- Installing: /root/ros2_ws/src/create_message_types/install/create_message_types/include/create_message_types/create_message_types/srv/detail/light__struct.hpp
-- Installing: /root/ros2_ws/src/create_message_types/install/create_message_types/include/create_message_types/create_message_types/srv/detail/camera_ptz__builder.hpp
-- Installing: /root/ros2_ws/src/create_message_types/install/create_message_types/include/create_message_types/create_message_types/srv/detail/camera_ptz__struct.hpp
-- Installing: /root/ros2_ws/src/create_message_types/install/create_message_types/include/create_message_types/create_message_types/srv/detail/camera__builder.hpp
-- Up-to-date: /root/ros2_ws/src/create_message_types/install/create_message_types/include/create_message_types/create_message_types
-- Up-to-date: /root/ros2_ws/src/create_message_types/install/create_message_types/include/create_message_types/create_message_types/msg
-- Installing: /root/ros2_ws/src/create_message_types/install/create_message_types/include/create_message_types/create_message_types/msg/rosidl_typesupport_fastrtps_cpp__visibility_control.h
-- Up-to-date: /root/ros2_ws/src/create_message_types/install/create_message_types/include/create_message_types/create_message_types/msg/detail
-- Installing: /root/ros2_ws/src/create_message_types/install/create_message_types/include/create_message_types/create_message_types/msg/detail/num__rosidl_typesupport_fastrtps_cpp.hpp
-- Installing: /root/ros2_ws/src/create_message_types/install/create_message_types/include/create_message_types/create_message_types/msg/detail/dds_fastrtps
-- Up-to-date: /root/ros2_ws/src/create_message_types/install/create_message_types/include/create_message_types/create_message_types/srv
-- Up-to-date: /root/ros2_ws/src/create_message_types/install/create_message_types/include/create_message_types/create_message_types/srv/detail
-- Installing: /root/ros2_ws/src/create_message_types/install/create_message_types/include/create_message_types/create_message_types/srv/detail/add_three_ints__rosidl_typesupport_fastrtps_cpp.hpp
-- Installing: /root/ros2_ws/src/create_message_types/install/create_message_types/include/create_message_types/create_message_types/srv/detail/camera_ptz__rosidl_typesupport_fastrtps_cpp.hpp
-- Installing: /root/ros2_ws/src/create_message_types/install/create_message_types/include/create_message_types/create_message_types/srv/detail/dds_fastrtps
-- Installing: /root/ros2_ws/src/create_message_types/install/create_message_types/include/create_message_types/create_message_types/srv/detail/light__rosidl_typesupport_fastrtps_cpp.hpp
-- Installing: /root/ros2_ws/src/create_message_types/install/create_message_types/include/create_message_types/create_message_types/srv/detail/camera__rosidl_typesupport_fastrtps_cpp.hpp
-- Installing: /root/ros2_ws/src/create_message_types/install/create_message_types/lib/libcreate_message_types__rosidl_typesupport_fastrtps_cpp.so
-- Set runtime path of "/root/ros2_ws/src/create_message_types/install/create_message_types/lib/libcreate_message_types__rosidl_typesupport_fastrtps_cpp.so" to ""
-- Up-to-date: /root/ros2_ws/src/create_message_types/install/create_message_types/include/create_message_types/create_message_types
-- Up-to-date: /root/ros2_ws/src/create_message_types/install/create_message_types/include/create_message_types/create_message_types/msg
-- Up-to-date: /root/ros2_ws/src/create_message_types/install/create_message_types/include/create_message_types/create_message_types/msg/detail
-- Installing: /root/ros2_ws/src/create_message_types/install/create_message_types/include/create_message_types/create_message_types/msg/detail/num__type_support.cpp
-- Installing: /root/ros2_ws/src/create_message_types/install/create_message_types/include/create_message_types/create_message_types/msg/detail/num__rosidl_typesupport_introspection_cpp.hpp
-- Up-to-date: /root/ros2_ws/src/create_message_types/install/create_message_types/include/create_message_types/create_message_types/srv
-- Up-to-date: /root/ros2_ws/src/create_message_types/install/create_message_types/include/create_message_types/create_message_types/srv/detail
-- Installing: /root/ros2_ws/src/create_message_types/install/create_message_types/include/create_message_types/create_message_types/srv/detail/camera__rosidl_typesupport_introspection_cpp.hpp
-- Installing: /root/ros2_ws/src/create_message_types/install/create_message_types/include/create_message_types/create_message_types/srv/detail/light__type_support.cpp
-- Installing: /root/ros2_ws/src/create_message_types/install/create_message_types/include/create_message_types/create_message_types/srv/detail/add_three_ints__rosidl_typesupport_introspection_cpp.hpp
-- Installing: /root/ros2_ws/src/create_message_types/install/create_message_types/include/create_message_types/create_message_types/srv/detail/light__rosidl_typesupport_introspection_cpp.hpp
-- Installing: /root/ros2_ws/src/create_message_types/install/create_message_types/include/create_message_types/create_message_types/srv/detail/camera_ptz__rosidl_typesupport_introspection_cpp.hpp
-- Installing: /root/ros2_ws/src/create_message_types/install/create_message_types/include/create_message_types/create_message_types/srv/detail/add_three_ints__type_support.cpp
-- Installing: /root/ros2_ws/src/create_message_types/install/create_message_types/include/create_message_types/create_message_types/srv/detail/camera_ptz__type_support.cpp
-- Installing: /root/ros2_ws/src/create_message_types/install/create_message_types/include/create_message_types/create_message_types/srv/detail/camera__type_support.cpp
-- Installing: /root/ros2_ws/src/create_message_types/install/create_message_types/lib/libcreate_message_types__rosidl_typesupport_introspection_cpp.so
-- Set runtime path of "/root/ros2_ws/src/create_message_types/install/create_message_types/lib/libcreate_message_types__rosidl_typesupport_introspection_cpp.so" to ""
-- Installing: /root/ros2_ws/src/create_message_types/install/create_message_types/lib/libcreate_message_types__rosidl_typesupport_cpp.so
-- Set runtime path of "/root/ros2_ws/src/create_message_types/install/create_message_types/lib/libcreate_message_types__rosidl_typesupport_cpp.so" to ""
-- Installing: /root/ros2_ws/src/create_message_types/install/create_message_types/share/create_message_types/environment/pythonpath.sh
-- Installing: /root/ros2_ws/src/create_message_types/install/create_message_types/share/create_message_types/environment/pythonpath.dsv
-- Installing: /root/ros2_ws/src/create_message_types/install/create_message_types/local/lib/python3.10/dist-packages/create_message_types-0.0.0-py3.10.egg-info
-- Installing: /root/ros2_ws/src/create_message_types/install/create_message_types/local/lib/python3.10/dist-packages/create_message_types-0.0.0-py3.10.egg-info/dependency_links.txt
-- Installing: /root/ros2_ws/src/create_message_types/install/create_message_types/local/lib/python3.10/dist-packages/create_message_types-0.0.0-py3.10.egg-info/PKG-INFO
-- Installing: /root/ros2_ws/src/create_message_types/install/create_message_types/local/lib/python3.10/dist-packages/create_message_types-0.0.0-py3.10.egg-info/SOURCES.txt
-- Installing: /root/ros2_ws/src/create_message_types/install/create_message_types/local/lib/python3.10/dist-packages/create_message_types-0.0.0-py3.10.egg-info/top_level.txt
-- Installing: /root/ros2_ws/src/create_message_types/install/create_message_types/local/lib/python3.10/dist-packages/create_message_types
-- Installing: /root/ros2_ws/src/create_message_types/install/create_message_types/local/lib/python3.10/dist-packages/create_message_types/create_message_types_s__rosidl_typesupport_introspection_c.cpython-310-x86_64-linux-gnu.so
-- Installing: /root/ros2_ws/src/create_message_types/install/create_message_types/local/lib/python3.10/dist-packages/create_message_types/_create_message_types_s.ep.rosidl_typesupport_c.c
-- Installing: /root/ros2_ws/src/create_message_types/install/create_message_types/local/lib/python3.10/dist-packages/create_message_types/_create_message_types_s.ep.rosidl_typesupport_fastrtps_c.c
-- Installing: /root/ros2_ws/src/create_message_types/install/create_message_types/local/lib/python3.10/dist-packages/create_message_types/create_message_types_s__rosidl_typesupport_fastrtps_c.cpython-310-x86_64-linux-gnu.so
-- Installing: /root/ros2_ws/src/create_message_types/install/create_message_types/local/lib/python3.10/dist-packages/create_message_types/_create_message_types_s.ep.rosidl_typesupport_introspection_c.c
-- Installing: /root/ros2_ws/src/create_message_types/install/create_message_types/local/lib/python3.10/dist-packages/create_message_types/__init__.py
-- Installing: /root/ros2_ws/src/create_message_types/install/create_message_types/local/lib/python3.10/dist-packages/create_message_types/msg
-- Installing: /root/ros2_ws/src/create_message_types/install/create_message_types/local/lib/python3.10/dist-packages/create_message_types/msg/_num.py
-- Installing: /root/ros2_ws/src/create_message_types/install/create_message_types/local/lib/python3.10/dist-packages/create_message_types/msg/__init__.py
-- Installing: /root/ros2_ws/src/create_message_types/install/create_message_types/local/lib/python3.10/dist-packages/create_message_types/msg/_num_s.c
-- Installing: /root/ros2_ws/src/create_message_types/install/create_message_types/local/lib/python3.10/dist-packages/create_message_types/srv
-- Installing: /root/ros2_ws/src/create_message_types/install/create_message_types/local/lib/python3.10/dist-packages/create_message_types/srv/_add_three_ints_s.c
-- Installing: /root/ros2_ws/src/create_message_types/install/create_message_types/local/lib/python3.10/dist-packages/create_message_types/srv/_camera_ptz.py
-- Installing: /root/ros2_ws/src/create_message_types/install/create_message_types/local/lib/python3.10/dist-packages/create_message_types/srv/_camera_ptz_s.c
-- Installing: /root/ros2_ws/src/create_message_types/install/create_message_types/local/lib/python3.10/dist-packages/create_message_types/srv/_light_s.c
-- Installing: /root/ros2_ws/src/create_message_types/install/create_message_types/local/lib/python3.10/dist-packages/create_message_types/srv/__init__.py
-- Installing: /root/ros2_ws/src/create_message_types/install/create_message_types/local/lib/python3.10/dist-packages/create_message_types/srv/_add_three_ints.py
-- Installing: /root/ros2_ws/src/create_message_types/install/create_message_types/local/lib/python3.10/dist-packages/create_message_types/srv/_camera.py
-- Installing: /root/ros2_ws/src/create_message_types/install/create_message_types/local/lib/python3.10/dist-packages/create_message_types/srv/_light.py
-- Installing: /root/ros2_ws/src/create_message_types/install/create_message_types/local/lib/python3.10/dist-packages/create_message_types/srv/_camera_s.c
-- Installing: /root/ros2_ws/src/create_message_types/install/create_message_types/local/lib/python3.10/dist-packages/create_message_types/libcreate_message_types__rosidl_generator_py.so
-- Installing: /root/ros2_ws/src/create_message_types/install/create_message_types/local/lib/python3.10/dist-packages/create_message_types/create_message_types_s__rosidl_typesupport_c.cpython-310-x86_64-linux-gnu.so
Listing '/root/ros2_ws/src/create_message_types/install/create_message_types/local/lib/python3.10/dist-packages/create_message_types'...
Compiling '/root/ros2_ws/src/create_message_types/install/create_message_types/local/lib/python3.10/dist-packages/create_message_types/__init__.py'...
Listing '/root/ros2_ws/src/create_message_types/install/create_message_types/local/lib/python3.10/dist-packages/create_message_types/msg'...
Compiling '/root/ros2_ws/src/create_message_types/install/create_message_types/local/lib/python3.10/dist-packages/create_message_types/msg/__init__.py'...
Compiling '/root/ros2_ws/src/create_message_types/install/create_message_types/local/lib/python3.10/dist-packages/create_message_types/msg/_num.py'...
Listing '/root/ros2_ws/src/create_message_types/install/create_message_types/local/lib/python3.10/dist-packages/create_message_types/srv'...
Compiling '/root/ros2_ws/src/create_message_types/install/create_message_types/local/lib/python3.10/dist-packages/create_message_types/srv/__init__.py'...
Compiling '/root/ros2_ws/src/create_message_types/install/create_message_types/local/lib/python3.10/dist-packages/create_message_types/srv/_add_three_ints.py'...
Compiling '/root/ros2_ws/src/create_message_types/install/create_message_types/local/lib/python3.10/dist-packages/create_message_types/srv/_camera.py'...
Compiling '/root/ros2_ws/src/create_message_types/install/create_message_types/local/lib/python3.10/dist-packages/create_message_types/srv/_camera_ptz.py'...
Compiling '/root/ros2_ws/src/create_message_types/install/create_message_types/local/lib/python3.10/dist-packages/create_message_types/srv/_light.py'...
-- Installing: /root/ros2_ws/src/create_message_types/install/create_message_types/local/lib/python3.10/dist-packages/create_message_types/create_message_types_s__rosidl_typesupport_fastrtps_c.cpython-310-x86_64-linux-gnu.so
-- Set runtime path of "/root/ros2_ws/src/create_message_types/install/create_message_types/local/lib/python3.10/dist-packages/create_message_types/create_message_types_s__rosidl_typesupport_fastrtps_c.cpython-310-x86_64-linux-gnu.so" to ""
-- Installing: /root/ros2_ws/src/create_message_types/install/create_message_types/local/lib/python3.10/dist-packages/create_message_types/create_message_types_s__rosidl_typesupport_introspection_c.cpython-310-x86_64-linux-gnu.so
-- Set runtime path of "/root/ros2_ws/src/create_message_types/install/create_message_types/local/lib/python3.10/dist-packages/create_message_types/create_message_types_s__rosidl_typesupport_introspection_c.cpython-310-x86_64-linux-gnu.so" to ""
-- Installing: /root/ros2_ws/src/create_message_types/install/create_message_types/local/lib/python3.10/dist-packages/create_message_types/create_message_types_s__rosidl_typesupport_c.cpython-310-x86_64-linux-gnu.so
-- Set runtime path of "/root/ros2_ws/src/create_message_types/install/create_message_types/local/lib/python3.10/dist-packages/create_message_types/create_message_types_s__rosidl_typesupport_c.cpython-310-x86_64-linux-gnu.so" to ""
-- Installing: /root/ros2_ws/src/create_message_types/install/create_message_types/lib/libcreate_message_types__rosidl_generator_py.so
-- Set runtime path of "/root/ros2_ws/src/create_message_types/install/create_message_types/lib/libcreate_message_types__rosidl_generator_py.so" to ""
-- Installing: /root/ros2_ws/src/create_message_types/install/create_message_types/share/create_message_types/msg/Num.idl
-- Installing: /root/ros2_ws/src/create_message_types/install/create_message_types/share/create_message_types/srv/Light.idl
-- Installing: /root/ros2_ws/src/create_message_types/install/create_message_types/share/create_message_types/srv/Camera.idl
-- Installing: /root/ros2_ws/src/create_message_types/install/create_message_types/share/create_message_types/srv/CameraPTZ.idl
-- Installing: /root/ros2_ws/src/create_message_types/install/create_message_types/share/create_message_types/srv/AddThreeInts.idl
-- Installing: /root/ros2_ws/src/create_message_types/install/create_message_types/share/create_message_types/msg/Num.msg
-- Installing: /root/ros2_ws/src/create_message_types/install/create_message_types/share/create_message_types/srv/Light.srv
-- Installing: /root/ros2_ws/src/create_message_types/install/create_message_types/share/create_message_types/srv/Light_Request.msg
-- Installing: /root/ros2_ws/src/create_message_types/install/create_message_types/share/create_message_types/srv/Light_Response.msg
-- Installing: /root/ros2_ws/src/create_message_types/install/create_message_types/share/create_message_types/srv/Camera.srv
-- Installing: /root/ros2_ws/src/create_message_types/install/create_message_types/share/create_message_types/srv/Camera_Request.msg
-- Installing: /root/ros2_ws/src/create_message_types/install/create_message_types/share/create_message_types/srv/Camera_Response.msg
-- Installing: /root/ros2_ws/src/create_message_types/install/create_message_types/share/create_message_types/srv/CameraPTZ.srv
-- Installing: /root/ros2_ws/src/create_message_types/install/create_message_types/share/create_message_types/srv/CameraPTZ_Request.msg
-- Installing: /root/ros2_ws/src/create_message_types/install/create_message_types/share/create_message_types/srv/CameraPTZ_Response.msg
-- Installing: /root/ros2_ws/src/create_message_types/install/create_message_types/share/create_message_types/srv/AddThreeInts.srv
-- Installing: /root/ros2_ws/src/create_message_types/install/create_message_types/share/create_message_types/srv/AddThreeInts_Request.msg
-- Installing: /root/ros2_ws/src/create_message_types/install/create_message_types/share/create_message_types/srv/AddThreeInts_Response.msg
-- Installing: /root/ros2_ws/src/create_message_types/install/create_message_types/share/ament_index/resource_index/package_run_dependencies/create_message_types
-- Installing: /root/ros2_ws/src/create_message_types/install/create_message_types/share/ament_index/resource_index/parent_prefix_path/create_message_types
-- Installing: /root/ros2_ws/src/create_message_types/install/create_message_types/share/create_message_types/environment/ament_prefix_path.sh
-- Installing: /root/ros2_ws/src/create_message_types/install/create_message_types/share/create_message_types/environment/ament_prefix_path.dsv
-- Installing: /root/ros2_ws/src/create_message_types/install/create_message_types/share/create_message_types/environment/path.sh
-- Installing: /root/ros2_ws/src/create_message_types/install/create_message_types/share/create_message_types/environment/path.dsv
-- Installing: /root/ros2_ws/src/create_message_types/install/create_message_types/share/create_message_types/local_setup.bash
-- Installing: /root/ros2_ws/src/create_message_types/install/create_message_types/share/create_message_types/local_setup.sh
-- Installing: /root/ros2_ws/src/create_message_types/install/create_message_types/share/create_message_types/local_setup.zsh
-- Installing: /root/ros2_ws/src/create_message_types/install/create_message_types/share/create_message_types/local_setup.dsv
-- Installing: /root/ros2_ws/src/create_message_types/install/create_message_types/share/create_message_types/package.dsv
-- Installing: /root/ros2_ws/src/create_message_types/install/create_message_types/share/ament_index/resource_index/packages/create_message_types
-- Installing: /root/ros2_ws/src/create_message_types/install/create_message_types/share/create_message_types/cmake/export_create_message_types__rosidl_generator_cExport.cmake
-- Installing: /root/ros2_ws/src/create_message_types/install/create_message_types/share/create_message_types/cmake/export_create_message_types__rosidl_generator_cExport-noconfig.cmake
-- Installing: /root/ros2_ws/src/create_message_types/install/create_message_types/share/create_message_types/cmake/export_create_message_types__rosidl_typesupport_fastrtps_cExport.cmake
-- Installing: /root/ros2_ws/src/create_message_types/install/create_message_types/share/create_message_types/cmake/export_create_message_types__rosidl_typesupport_fastrtps_cExport-noconfig.cmake
-- Installing: /root/ros2_ws/src/create_message_types/install/create_message_types/share/create_message_types/cmake/create_message_types__rosidl_typesupport_introspection_cExport.cmake
-- Installing: /root/ros2_ws/src/create_message_types/install/create_message_types/share/create_message_types/cmake/create_message_types__rosidl_typesupport_introspection_cExport-noconfig.cmake
-- Installing: /root/ros2_ws/src/create_message_types/install/create_message_types/share/create_message_types/cmake/create_message_types__rosidl_typesupport_cExport.cmake
-- Installing: /root/ros2_ws/src/create_message_types/install/create_message_types/share/create_message_types/cmake/create_message_types__rosidl_typesupport_cExport-noconfig.cmake
-- Installing: /root/ros2_ws/src/create_message_types/install/create_message_types/share/create_message_types/cmake/export_create_message_types__rosidl_generator_cppExport.cmake
-- Installing: /root/ros2_ws/src/create_message_types/install/create_message_types/share/create_message_types/cmake/export_create_message_types__rosidl_typesupport_fastrtps_cppExport.cmake
-- Installing: /root/ros2_ws/src/create_message_types/install/create_message_types/share/create_message_types/cmake/export_create_message_types__rosidl_typesupport_fastrtps_cppExport-noconfig.cmake
-- Installing: /root/ros2_ws/src/create_message_types/install/create_message_types/share/create_message_types/cmake/create_message_types__rosidl_typesupport_introspection_cppExport.cmake
-- Installing: /root/ros2_ws/src/create_message_types/install/create_message_types/share/create_message_types/cmake/create_message_types__rosidl_typesupport_introspection_cppExport-noconfig.cmake
-- Installing: /root/ros2_ws/src/create_message_types/install/create_message_types/share/create_message_types/cmake/create_message_types__rosidl_typesupport_cppExport.cmake
-- Installing: /root/ros2_ws/src/create_message_types/install/create_message_types/share/create_message_types/cmake/create_message_types__rosidl_typesupport_cppExport-noconfig.cmake
-- Installing: /root/ros2_ws/src/create_message_types/install/create_message_types/share/create_message_types/cmake/export_create_message_types__rosidl_generator_pyExport.cmake
-- Installing: /root/ros2_ws/src/create_message_types/install/create_message_types/share/create_message_types/cmake/export_create_message_types__rosidl_generator_pyExport-noconfig.cmake
-- Installing: /root/ros2_ws/src/create_message_types/install/create_message_types/share/create_message_types/cmake/rosidl_cmake-extras.cmake
-- Installing: /root/ros2_ws/src/create_message_types/install/create_message_types/share/create_message_types/cmake/ament_cmake_export_include_directories-extras.cmake
-- Installing: /root/ros2_ws/src/create_message_types/install/create_message_types/share/create_message_types/cmake/ament_cmake_export_libraries-extras.cmake
-- Installing: /root/ros2_ws/src/create_message_types/install/create_message_types/share/create_message_types/cmake/ament_cmake_export_targets-extras.cmake
-- Installing: /root/ros2_ws/src/create_message_types/install/create_message_types/share/create_message_types/cmake/rosidl_cmake_export_typesupport_targets-extras.cmake
-- Installing: /root/ros2_ws/src/create_message_types/install/create_message_types/share/create_message_types/cmake/ament_cmake_export_dependencies-extras.cmake
-- Installing: /root/ros2_ws/src/create_message_types/install/create_message_types/share/create_message_types/cmake/rosidl_cmake_export_typesupport_libraries-extras.cmake
-- Installing: /root/ros2_ws/src/create_message_types/install/create_message_types/share/create_message_types/cmake/create_message_typesConfig.cmake
-- Installing: /root/ros2_ws/src/create_message_types/install/create_message_types/share/create_message_types/cmake/create_message_typesConfig-version.cmake
-- Installing: /root/ros2_ws/src/create_message_types/install/create_message_types/share/create_message_types/package.xml
