[0.026s] Invoking command in '/root/ros2_ws/src/create_message_types/build/create_message_types': CMAKE_PREFIX_PATH=/opt/ros/humble /usr/bin/cmake /root/ros2_ws/src/create_message_types -DCMAKE_INSTALL_PREFIX=/root/ros2_ws/src/create_message_types/install/create_message_types
[0.062s] -- The C compiler identification is GNU 11.4.0
[0.093s] -- The CXX compiler identification is GNU 11.4.0
[0.098s] -- Detecting C compiler ABI info
[0.139s] -- Detecting C compiler ABI info - done
[0.143s] -- Check for working C compiler: /usr/bin/cc - skipped
[0.144s] -- Detecting C compile features
[0.144s] -- Detecting C compile features - done
[0.146s] -- Detecting CXX compiler ABI info
[0.186s] -- Detecting CXX compiler ABI info - done
[0.190s] -- Check for working CXX compiler: /usr/bin/c++ - skipped
[0.190s] -- Detecting CXX compile features
[0.190s] -- Detecting CXX compile features - done
[0.192s] -- Found ament_cmake: 1.3.7 (/opt/ros/humble/share/ament_cmake/cmake)
[0.284s] -- Found Python3: /usr/bin/python3.10 (found version "3.10.12") found components: Interpreter 
[0.332s] -- Found rosidl_default_generators: 1.2.0 (/opt/ros/humble/share/rosidl_default_generators/cmake)
[0.333s] -- Using all available rosidl_typesupport_c: rosidl_typesupport_fastrtps_c;rosidl_typesupport_introspection_c
[0.337s] -- Found rosidl_adapter: 3.1.5 (/opt/ros/humble/share/rosidl_adapter/cmake)
[0.358s] -- Using all available rosidl_typesupport_cpp: rosidl_typesupport_fastrtps_cpp;rosidl_typesupport_introspection_cpp
[0.532s] -- Found ament_cmake_ros: 0.10.0 (/opt/ros/humble/share/ament_cmake_ros/cmake)
[0.639s] -- Using all available rosidl_typesupport_c: rosidl_typesupport_fastrtps_c;rosidl_typesupport_introspection_c
[0.768s] -- Using all available rosidl_typesupport_cpp: rosidl_typesupport_fastrtps_cpp;rosidl_typesupport_introspection_cpp
[0.781s] -- Found PythonInterp: /usr/bin/python3 (found suitable version "3.10.12", minimum required is "3.6") 
[0.782s] -- Found python_cmake_module: 0.10.0 (/opt/ros/humble/share/python_cmake_module/cmake)
[0.805s] -- Found PythonLibs: /usr/lib/x86_64-linux-gnu/libpython3.10.so (found suitable version "3.10.12", minimum required is "3.5") 
[0.805s] -- Using PYTHON_EXECUTABLE: /usr/bin/python3
[0.805s] -- Using PYTHON_INCLUDE_DIRS: /usr/include/python3.10
[0.805s] -- Using PYTHON_LIBRARIES: /usr/lib/x86_64-linux-gnu/libpython3.10.so
[0.817s] -- Found PythonExtra: .so  
[0.837s] -- Found ament_lint_auto: 0.12.10 (/opt/ros/humble/share/ament_lint_auto/cmake)
[0.850s] -- Added test 'cppcheck' to perform static code analysis on C / C++ code
[0.851s] -- Configured cppcheck include dirs: $<BUILD_INTERFACE:/root/ros2_ws/src/create_message_types/build/create_message_types/rosidl_generator_c>;$<BUILD_INTERFACE:/root/ros2_ws/src/create_message_types/build/create_message_types/rosidl_typesupport_fastrtps_c>;$<BUILD_INTERFACE:/root/ros2_ws/src/create_message_types/build/create_message_types/rosidl_typesupport_introspection_c>;$<BUILD_INTERFACE:/root/ros2_ws/src/create_message_types/build/create_message_types/rosidl_generator_cpp>;$<BUILD_INTERFACE:/root/ros2_ws/src/create_message_types/build/create_message_types/rosidl_typesupport_fastrtps_cpp>;$<BUILD_INTERFACE:/root/ros2_ws/src/create_message_types/build/create_message_types/rosidl_typesupport_introspection_cpp>;/root/ros2_ws/src/create_message_types/build/create_message_types/rosidl_generator_c;/root/ros2_ws/src/create_message_types/build/create_message_types/rosidl_generator_py
[0.851s] -- Configured cppcheck exclude dirs and/or files: 
[0.852s] -- Added test 'flake8' to check Python code syntax and style conventions
[0.853s] -- Added test 'lint_cmake' to check CMake code style
[0.854s] -- Added test 'pep257' to check Python code against some of the docstring style conventions in PEP 257
[0.859s] -- Added test 'uncrustify' to check C / C++ code style
[0.859s] -- Configured uncrustify additional arguments: 
[0.859s] -- Added test 'xmllint' to check XML markup files
[0.861s] -- Configuring done
[0.879s] -- Generating done
[0.880s] -- Build files have been written to: /root/ros2_ws/src/create_message_types/build/create_message_types
[0.885s] Invoked command in '/root/ros2_ws/src/create_message_types/build/create_message_types' returned '0': CMAKE_PREFIX_PATH=/opt/ros/humble /usr/bin/cmake /root/ros2_ws/src/create_message_types -DCMAKE_INSTALL_PREFIX=/root/ros2_ws/src/create_message_types/install/create_message_types
[0.885s] Invoking command in '/root/ros2_ws/src/create_message_types/build/create_message_types': CMAKE_PREFIX_PATH=/opt/ros/humble /usr/bin/cmake --build /root/ros2_ws/src/create_message_types/build/create_message_types -- -j20 -l20
[0.904s] [  1%] [34m[1mGenerating C code for ROS interfaces[0m
[0.909s] [  3%] [34m[1mGenerating C++ code for ROS interfaces[0m
[0.912s] [  3%] Built target ament_cmake_python_copy_create_message_types
[1.054s] running egg_info
[1.055s] creating create_message_types.egg-info
[1.055s] writing create_message_types.egg-info/PKG-INFO
[1.055s] writing dependency_links to create_message_types.egg-info/dependency_links.txt
[1.055s] writing top-level names to create_message_types.egg-info/top_level.txt
[1.055s] writing manifest file 'create_message_types.egg-info/SOURCES.txt'
[1.056s] reading manifest file 'create_message_types.egg-info/SOURCES.txt'
[1.056s] writing manifest file 'create_message_types.egg-info/SOURCES.txt'
[1.070s] [  3%] Built target ament_cmake_python_build_create_message_types_egg
[1.265s] [  3%] Built target create_message_types__cpp
[1.270s] [  4%] [34m[1mGenerating C++ type support dispatch for ROS interfaces[0m
[1.270s] [  6%] [34m[1mGenerating C++ type support for eProsima Fast-RTPS[0m
[1.270s] [  7%] [34m[1mGenerating C++ introspection for ROS interfaces[0m
[1.289s] [  9%] [32mBuilding C object CMakeFiles/create_message_types__rosidl_generator_c.dir/rosidl_generator_c/create_message_types/msg/detail/num__functions.c.o[0m
[1.290s] [ 11%] [32mBuilding C object CMakeFiles/create_message_types__rosidl_generator_c.dir/rosidl_generator_c/create_message_types/srv/detail/light__functions.c.o[0m
[1.290s] [ 12%] [32mBuilding C object CMakeFiles/create_message_types__rosidl_generator_c.dir/rosidl_generator_c/create_message_types/srv/detail/camera_ptz__functions.c.o[0m
[1.291s] [ 15%] [32mBuilding C object CMakeFiles/create_message_types__rosidl_generator_c.dir/rosidl_generator_c/create_message_types/srv/detail/camera__functions.c.o[0m
[1.291s] [ 15%] [32mBuilding C object CMakeFiles/create_message_types__rosidl_generator_c.dir/rosidl_generator_c/create_message_types/srv/detail/add_three_ints__functions.c.o[0m
[1.333s] [ 17%] [32m[1mLinking C shared library libcreate_message_types__rosidl_generator_c.so[0m
[1.352s] [ 17%] Built target create_message_types__rosidl_generator_c
[1.357s] [ 19%] [34m[1mGenerating C type support for eProsima Fast-RTPS[0m
[1.357s] [ 20%] [34m[1mGenerating C introspection for ROS interfaces[0m
[1.357s] [ 22%] [34m[1mGenerating C type support dispatch for ROS interfaces[0m
[1.542s] [ 23%] [32mBuilding CXX object CMakeFiles/create_message_types__rosidl_typesupport_cpp.dir/rosidl_typesupport_cpp/create_message_types/srv/camera_ptz__type_support.cpp.o[0m
[1.544s] [ 26%] [32mBuilding CXX object CMakeFiles/create_message_types__rosidl_typesupport_cpp.dir/rosidl_typesupport_cpp/create_message_types/msg/num__type_support.cpp.o[0m
[1.544s] [ 26%] [32mBuilding CXX object CMakeFiles/create_message_types__rosidl_typesupport_cpp.dir/rosidl_typesupport_cpp/create_message_types/srv/light__type_support.cpp.o[0m
[1.544s] [ 28%] [32mBuilding CXX object CMakeFiles/create_message_types__rosidl_typesupport_cpp.dir/rosidl_typesupport_cpp/create_message_types/srv/camera__type_support.cpp.o[0m
[1.544s] [ 30%] [32mBuilding CXX object CMakeFiles/create_message_types__rosidl_typesupport_cpp.dir/rosidl_typesupport_cpp/create_message_types/srv/add_three_ints__type_support.cpp.o[0m
[1.602s] [ 31%] [32mBuilding CXX object CMakeFiles/create_message_types__rosidl_typesupport_introspection_cpp.dir/rosidl_typesupport_introspection_cpp/create_message_types/msg/detail/num__type_support.cpp.o[0m
[1.604s] [ 33%] [32mBuilding CXX object CMakeFiles/create_message_types__rosidl_typesupport_introspection_cpp.dir/rosidl_typesupport_introspection_cpp/create_message_types/srv/detail/camera__type_support.cpp.o[0m
[1.604s] [ 34%] [32mBuilding CXX object CMakeFiles/create_message_types__rosidl_typesupport_introspection_cpp.dir/rosidl_typesupport_introspection_cpp/create_message_types/srv/detail/light__type_support.cpp.o[0m
[1.605s] [ 36%] [32mBuilding CXX object CMakeFiles/create_message_types__rosidl_typesupport_introspection_cpp.dir/rosidl_typesupport_introspection_cpp/create_message_types/srv/detail/camera_ptz__type_support.cpp.o[0m
[1.605s] [ 38%] [32mBuilding CXX object CMakeFiles/create_message_types__rosidl_typesupport_introspection_cpp.dir/rosidl_typesupport_introspection_cpp/create_message_types/srv/detail/add_three_ints__type_support.cpp.o[0m
[1.635s] [ 41%] [32mBuilding CXX object CMakeFiles/create_message_types__rosidl_typesupport_c.dir/rosidl_typesupport_c/create_message_types/msg/num__type_support.cpp.o[0m
[1.635s] [ 41%] [32mBuilding CXX object CMakeFiles/create_message_types__rosidl_typesupport_c.dir/rosidl_typesupport_c/create_message_types/srv/camera_ptz__type_support.cpp.o[0m
[1.636s] [ 42%] [32mBuilding CXX object CMakeFiles/create_message_types__rosidl_typesupport_c.dir/rosidl_typesupport_c/create_message_types/srv/add_three_ints__type_support.cpp.o[0m
[1.636s] [ 44%] [32mBuilding CXX object CMakeFiles/create_message_types__rosidl_typesupport_c.dir/rosidl_typesupport_c/create_message_types/srv/light__type_support.cpp.o[0m
[1.636s] [ 46%] [32mBuilding CXX object CMakeFiles/create_message_types__rosidl_typesupport_c.dir/rosidl_typesupport_c/create_message_types/srv/camera__type_support.cpp.o[0m
[1.667s] [ 47%] [32m[1mLinking CXX shared library libcreate_message_types__rosidl_typesupport_c.so[0m
[1.682s] [ 49%] [32mBuilding CXX object CMakeFiles/create_message_types__rosidl_typesupport_fastrtps_cpp.dir/rosidl_typesupport_fastrtps_cpp/create_message_types/msg/detail/dds_fastrtps/num__type_support.cpp.o[0m
[1.682s] [ 53%] [32mBuilding CXX object CMakeFiles/create_message_types__rosidl_typesupport_fastrtps_cpp.dir/rosidl_typesupport_fastrtps_cpp/create_message_types/srv/detail/dds_fastrtps/add_three_ints__type_support.cpp.o[0m
[1.683s] [ 53%] [32mBuilding CXX object CMakeFiles/create_message_types__rosidl_typesupport_fastrtps_cpp.dir/rosidl_typesupport_fastrtps_cpp/create_message_types/srv/detail/dds_fastrtps/camera__type_support.cpp.o[0m
[1.683s] [ 55%] [32mBuilding CXX object CMakeFiles/create_message_types__rosidl_typesupport_fastrtps_cpp.dir/rosidl_typesupport_fastrtps_cpp/create_message_types/srv/detail/dds_fastrtps/light__type_support.cpp.o[0m
[1.683s] [ 55%] [32mBuilding CXX object CMakeFiles/create_message_types__rosidl_typesupport_fastrtps_cpp.dir/rosidl_typesupport_fastrtps_cpp/create_message_types/srv/detail/dds_fastrtps/camera_ptz__type_support.cpp.o[0m
[1.709s] [ 55%] Built target create_message_types__rosidl_typesupport_c
[1.756s] [ 63%] [32mBuilding C object CMakeFiles/create_message_types__rosidl_typesupport_introspection_c.dir/rosidl_typesupport_introspection_c/create_message_types/srv/detail/camera_ptz__type_support.c.o[0m
[1.756s] [ 63%] [32mBuilding C object CMakeFiles/create_message_types__rosidl_typesupport_introspection_c.dir/rosidl_typesupport_introspection_c/create_message_types/msg/detail/num__type_support.c.o[0m
[1.756s] [ 63%] [32mBuilding C object CMakeFiles/create_message_types__rosidl_typesupport_introspection_c.dir/rosidl_typesupport_introspection_c/create_message_types/srv/detail/add_three_ints__type_support.c.o[0m
[1.756s] [ 63%] [32mBuilding C object CMakeFiles/create_message_types__rosidl_typesupport_introspection_c.dir/rosidl_typesupport_introspection_c/create_message_types/srv/detail/light__type_support.c.o[0m
[1.756s] [ 63%] [32mBuilding C object CMakeFiles/create_message_types__rosidl_typesupport_introspection_c.dir/rosidl_typesupport_introspection_c/create_message_types/srv/detail/camera__type_support.c.o[0m
[1.792s] [ 65%] [32m[1mLinking C shared library libcreate_message_types__rosidl_typesupport_introspection_c.so[0m
[1.803s] [ 69%] [32mBuilding CXX object CMakeFiles/create_message_types__rosidl_typesupport_fastrtps_c.dir/rosidl_typesupport_fastrtps_c/create_message_types/srv/detail/light__type_support_c.cpp.o[0m
[1.803s] [ 71%] [32mBuilding CXX object CMakeFiles/create_message_types__rosidl_typesupport_fastrtps_c.dir/rosidl_typesupport_fastrtps_c/create_message_types/msg/detail/num__type_support_c.cpp.o[0m
[1.803s] [ 71%] [32mBuilding CXX object CMakeFiles/create_message_types__rosidl_typesupport_fastrtps_c.dir/rosidl_typesupport_fastrtps_c/create_message_types/srv/detail/add_three_ints__type_support_c.cpp.o[0m
[1.803s] [ 71%] [32mBuilding CXX object CMakeFiles/create_message_types__rosidl_typesupport_fastrtps_c.dir/rosidl_typesupport_fastrtps_c/create_message_types/srv/detail/camera__type_support_c.cpp.o[0m
[1.813s] [ 71%] Built target create_message_types__rosidl_typesupport_introspection_c
[1.823s] [ 73%] [32mBuilding CXX object CMakeFiles/create_message_types__rosidl_typesupport_fastrtps_c.dir/rosidl_typesupport_fastrtps_c/create_message_types/srv/detail/camera_ptz__type_support_c.cpp.o[0m
[1.852s] [ 74%] [32m[1mLinking CXX shared library libcreate_message_types__rosidl_typesupport_cpp.so[0m
[1.896s] [ 74%] Built target create_message_types__rosidl_typesupport_cpp
[2.054s] [ 76%] [32m[1mLinking CXX shared library libcreate_message_types__rosidl_typesupport_introspection_cpp.so[0m
[2.092s] [ 76%] Built target create_message_types__rosidl_typesupport_introspection_cpp
[2.109s] [ 77%] [32m[1mLinking CXX shared library libcreate_message_types__rosidl_typesupport_fastrtps_cpp.so[0m
[2.129s] [ 79%] [32m[1mLinking CXX shared library libcreate_message_types__rosidl_typesupport_fastrtps_c.so[0m
[2.147s] [ 79%] Built target create_message_types__rosidl_typesupport_fastrtps_cpp
[2.166s] [ 79%] Built target create_message_types__rosidl_typesupport_fastrtps_c
[2.176s] [ 79%] Built target create_message_types
[2.185s] [ 80%] [34m[1mGenerating Python code for ROS interfaces[0m
[2.783s] [ 80%] Built target create_message_types__py
[2.793s] [ 82%] [32mBuilding C object CMakeFiles/create_message_types__rosidl_generator_py.dir/rosidl_generator_py/create_message_types/msg/_num_s.c.o[0m
[2.793s] [ 84%] [32mBuilding C object CMakeFiles/create_message_types__rosidl_generator_py.dir/rosidl_generator_py/create_message_types/srv/_light_s.c.o[0m
[2.793s] [ 85%] [32mBuilding C object CMakeFiles/create_message_types__rosidl_generator_py.dir/rosidl_generator_py/create_message_types/srv/_camera_s.c.o[0m
[2.793s] [ 87%] [32mBuilding C object CMakeFiles/create_message_types__rosidl_generator_py.dir/rosidl_generator_py/create_message_types/srv/_camera_ptz_s.c.o[0m
[2.793s] [ 88%] [32mBuilding C object CMakeFiles/create_message_types__rosidl_generator_py.dir/rosidl_generator_py/create_message_types/srv/_add_three_ints_s.c.o[0m
[2.857s] [ 90%] [32m[1mLinking C shared library rosidl_generator_py/create_message_types/libcreate_message_types__rosidl_generator_py.so[0m
[2.877s] [ 90%] Built target create_message_types__rosidl_generator_py
[2.887s] [ 92%] [32mBuilding C object CMakeFiles/create_message_types__rosidl_typesupport_fastrtps_c__pyext.dir/rosidl_generator_py/create_message_types/_create_message_types_s.ep.rosidl_typesupport_fastrtps_c.c.o[0m
[2.887s] [ 93%] [32mBuilding C object CMakeFiles/create_message_types__rosidl_typesupport_introspection_c__pyext.dir/rosidl_generator_py/create_message_types/_create_message_types_s.ep.rosidl_typesupport_introspection_c.c.o[0m
[2.887s] [ 95%] [32mBuilding C object CMakeFiles/create_message_types__rosidl_typesupport_c__pyext.dir/rosidl_generator_py/create_message_types/_create_message_types_s.ep.rosidl_typesupport_c.c.o[0m
[2.951s] [ 96%] [32m[1mLinking C shared library rosidl_generator_py/create_message_types/create_message_types_s__rosidl_typesupport_c.cpython-310-x86_64-linux-gnu.so[0m
[2.951s] [ 98%] [32m[1mLinking C shared library rosidl_generator_py/create_message_types/create_message_types_s__rosidl_typesupport_introspection_c.cpython-310-x86_64-linux-gnu.so[0m
[2.952s] [100%] [32m[1mLinking C shared library rosidl_generator_py/create_message_types/create_message_types_s__rosidl_typesupport_fastrtps_c.cpython-310-x86_64-linux-gnu.so[0m
[2.968s] [100%] Built target create_message_types__rosidl_typesupport_c__pyext
[2.968s] [100%] Built target create_message_types__rosidl_typesupport_introspection_c__pyext
[2.968s] [100%] Built target create_message_types__rosidl_typesupport_fastrtps_c__pyext
[2.975s] Invoked command in '/root/ros2_ws/src/create_message_types/build/create_message_types' returned '0': CMAKE_PREFIX_PATH=/opt/ros/humble /usr/bin/cmake --build /root/ros2_ws/src/create_message_types/build/create_message_types -- -j20 -l20
[3.032s] Invoking command in '/root/ros2_ws/src/create_message_types/build/create_message_types': CMAKE_PREFIX_PATH=/opt/ros/humble /usr/bin/cmake --install /root/ros2_ws/src/create_message_types/build/create_message_types
[3.037s] -- Install configuration: ""
[3.037s] -- Installing: /root/ros2_ws/src/create_message_types/install/create_message_types/share/ament_index/resource_index/rosidl_interfaces/create_message_types
[3.038s] -- Installing: /root/ros2_ws/src/create_message_types/install/create_message_types/include/create_message_types/create_message_types
[3.038s] -- Installing: /root/ros2_ws/src/create_message_types/install/create_message_types/include/create_message_types/create_message_types/msg
[3.038s] -- Installing: /root/ros2_ws/src/create_message_types/install/create_message_types/include/create_message_types/create_message_types/msg/num.h
[3.038s] -- Installing: /root/ros2_ws/src/create_message_types/install/create_message_types/include/create_message_types/create_message_types/msg/rosidl_generator_c__visibility_control.h
[3.038s] -- Installing: /root/ros2_ws/src/create_message_types/install/create_message_types/include/create_message_types/create_message_types/msg/detail
[3.038s] -- Installing: /root/ros2_ws/src/create_message_types/install/create_message_types/include/create_message_types/create_message_types/msg/detail/num__type_support.h
[3.038s] -- Installing: /root/ros2_ws/src/create_message_types/install/create_message_types/include/create_message_types/create_message_types/msg/detail/num__struct.h
[3.038s] -- Installing: /root/ros2_ws/src/create_message_types/install/create_message_types/include/create_message_types/create_message_types/msg/detail/num__functions.h
[3.038s] -- Installing: /root/ros2_ws/src/create_message_types/install/create_message_types/include/create_message_types/create_message_types/msg/detail/num__functions.c
[3.038s] -- Installing: /root/ros2_ws/src/create_message_types/install/create_message_types/include/create_message_types/create_message_types/srv
[3.038s] -- Installing: /root/ros2_ws/src/create_message_types/install/create_message_types/include/create_message_types/create_message_types/srv/light.h
[3.038s] -- Installing: /root/ros2_ws/src/create_message_types/install/create_message_types/include/create_message_types/create_message_types/srv/camera_ptz.h
[3.039s] -- Installing: /root/ros2_ws/src/create_message_types/install/create_message_types/include/create_message_types/create_message_types/srv/add_three_ints.h
[3.039s] -- Installing: /root/ros2_ws/src/create_message_types/install/create_message_types/include/create_message_types/create_message_types/srv/camera.h
[3.039s] -- Installing: /root/ros2_ws/src/create_message_types/install/create_message_types/include/create_message_types/create_message_types/srv/detail
[3.039s] -- Installing: /root/ros2_ws/src/create_message_types/install/create_message_types/include/create_message_types/create_message_types/srv/detail/light__struct.h
[3.039s] -- Installing: /root/ros2_ws/src/create_message_types/install/create_message_types/include/create_message_types/create_message_types/srv/detail/add_three_ints__functions.c
[3.039s] -- Installing: /root/ros2_ws/src/create_message_types/install/create_message_types/include/create_message_types/create_message_types/srv/detail/add_three_ints__type_support.h
[3.039s] -- Installing: /root/ros2_ws/src/create_message_types/install/create_message_types/include/create_message_types/create_message_types/srv/detail/camera__functions.h
[3.039s] -- Installing: /root/ros2_ws/src/create_message_types/install/create_message_types/include/create_message_types/create_message_types/srv/detail/add_three_ints__struct.h
[3.039s] -- Installing: /root/ros2_ws/src/create_message_types/install/create_message_types/include/create_message_types/create_message_types/srv/detail/camera_ptz__functions.c
[3.039s] -- Installing: /root/ros2_ws/src/create_message_types/install/create_message_types/include/create_message_types/create_message_types/srv/detail/light__functions.c
[3.039s] -- Installing: /root/ros2_ws/src/create_message_types/install/create_message_types/include/create_message_types/create_message_types/srv/detail/light__functions.h
[3.039s] -- Installing: /root/ros2_ws/src/create_message_types/install/create_message_types/include/create_message_types/create_message_types/srv/detail/camera__functions.c
[3.039s] -- Installing: /root/ros2_ws/src/create_message_types/install/create_message_types/include/create_message_types/create_message_types/srv/detail/camera__struct.h
[3.039s] -- Installing: /root/ros2_ws/src/create_message_types/install/create_message_types/include/create_message_types/create_message_types/srv/detail/camera_ptz__functions.h
[3.040s] -- Installing: /root/ros2_ws/src/create_message_types/install/create_message_types/include/create_message_types/create_message_types/srv/detail/camera__type_support.h
[3.040s] -- Installing: /root/ros2_ws/src/create_message_types/install/create_message_types/include/create_message_types/create_message_types/srv/detail/camera_ptz__struct.h
[3.040s] -- Installing: /root/ros2_ws/src/create_message_types/install/create_message_types/include/create_message_types/create_message_types/srv/detail/camera_ptz__type_support.h
[3.040s] -- Installing: /root/ros2_ws/src/create_message_types/install/create_message_types/include/create_message_types/create_message_types/srv/detail/light__type_support.h
[3.040s] -- Installing: /root/ros2_ws/src/create_message_types/install/create_message_types/include/create_message_types/create_message_types/srv/detail/add_three_ints__functions.h
[3.040s] -- Installing: /root/ros2_ws/src/create_message_types/install/create_message_types/share/create_message_types/environment/library_path.sh
[3.040s] -- Installing: /root/ros2_ws/src/create_message_types/install/create_message_types/share/create_message_types/environment/library_path.dsv
[3.040s] -- Installing: /root/ros2_ws/src/create_message_types/install/create_message_types/lib/libcreate_message_types__rosidl_generator_c.so
[3.040s] -- Set runtime path of "/root/ros2_ws/src/create_message_types/install/create_message_types/lib/libcreate_message_types__rosidl_generator_c.so" to ""
[3.040s] -- Up-to-date: /root/ros2_ws/src/create_message_types/install/create_message_types/include/create_message_types/create_message_types
[3.040s] -- Up-to-date: /root/ros2_ws/src/create_message_types/install/create_message_types/include/create_message_types/create_message_types/msg
[3.040s] -- Installing: /root/ros2_ws/src/create_message_types/install/create_message_types/include/create_message_types/create_message_types/msg/rosidl_typesupport_fastrtps_c__visibility_control.h
[3.041s] -- Up-to-date: /root/ros2_ws/src/create_message_types/install/create_message_types/include/create_message_types/create_message_types/msg/detail
[3.041s] -- Installing: /root/ros2_ws/src/create_message_types/install/create_message_types/include/create_message_types/create_message_types/msg/detail/num__rosidl_typesupport_fastrtps_c.h
[3.041s] -- Up-to-date: /root/ros2_ws/src/create_message_types/install/create_message_types/include/create_message_types/create_message_types/srv
[3.041s] -- Up-to-date: /root/ros2_ws/src/create_message_types/install/create_message_types/include/create_message_types/create_message_types/srv/detail
[3.041s] -- Installing: /root/ros2_ws/src/create_message_types/install/create_message_types/include/create_message_types/create_message_types/srv/detail/camera_ptz__rosidl_typesupport_fastrtps_c.h
[3.041s] -- Installing: /root/ros2_ws/src/create_message_types/install/create_message_types/include/create_message_types/create_message_types/srv/detail/add_three_ints__rosidl_typesupport_fastrtps_c.h
[3.041s] -- Installing: /root/ros2_ws/src/create_message_types/install/create_message_types/include/create_message_types/create_message_types/srv/detail/camera__rosidl_typesupport_fastrtps_c.h
[3.041s] -- Installing: /root/ros2_ws/src/create_message_types/install/create_message_types/include/create_message_types/create_message_types/srv/detail/light__rosidl_typesupport_fastrtps_c.h
[3.041s] -- Installing: /root/ros2_ws/src/create_message_types/install/create_message_types/lib/libcreate_message_types__rosidl_typesupport_fastrtps_c.so
[3.041s] -- Set runtime path of "/root/ros2_ws/src/create_message_types/install/create_message_types/lib/libcreate_message_types__rosidl_typesupport_fastrtps_c.so" to ""
[3.041s] -- Up-to-date: /root/ros2_ws/src/create_message_types/install/create_message_types/include/create_message_types/create_message_types
[3.041s] -- Up-to-date: /root/ros2_ws/src/create_message_types/install/create_message_types/include/create_message_types/create_message_types/msg
[3.041s] -- Installing: /root/ros2_ws/src/create_message_types/install/create_message_types/include/create_message_types/create_message_types/msg/rosidl_typesupport_introspection_c__visibility_control.h
[3.042s] -- Up-to-date: /root/ros2_ws/src/create_message_types/install/create_message_types/include/create_message_types/create_message_types/msg/detail
[3.042s] -- Installing: /root/ros2_ws/src/create_message_types/install/create_message_types/include/create_message_types/create_message_types/msg/detail/num__type_support.c
[3.042s] -- Installing: /root/ros2_ws/src/create_message_types/install/create_message_types/include/create_message_types/create_message_types/msg/detail/num__rosidl_typesupport_introspection_c.h
[3.042s] -- Up-to-date: /root/ros2_ws/src/create_message_types/install/create_message_types/include/create_message_types/create_message_types/srv
[3.042s] -- Up-to-date: /root/ros2_ws/src/create_message_types/install/create_message_types/include/create_message_types/create_message_types/srv/detail
[3.042s] -- Installing: /root/ros2_ws/src/create_message_types/install/create_message_types/include/create_message_types/create_message_types/srv/detail/camera__type_support.c
[3.042s] -- Installing: /root/ros2_ws/src/create_message_types/install/create_message_types/include/create_message_types/create_message_types/srv/detail/light__rosidl_typesupport_introspection_c.h
[3.042s] -- Installing: /root/ros2_ws/src/create_message_types/install/create_message_types/include/create_message_types/create_message_types/srv/detail/camera_ptz__type_support.c
[3.042s] -- Installing: /root/ros2_ws/src/create_message_types/install/create_message_types/include/create_message_types/create_message_types/srv/detail/camera__rosidl_typesupport_introspection_c.h
[3.042s] -- Installing: /root/ros2_ws/src/create_message_types/install/create_message_types/include/create_message_types/create_message_types/srv/detail/add_three_ints__rosidl_typesupport_introspection_c.h
[3.042s] -- Installing: /root/ros2_ws/src/create_message_types/install/create_message_types/include/create_message_types/create_message_types/srv/detail/camera_ptz__rosidl_typesupport_introspection_c.h
[3.042s] -- Installing: /root/ros2_ws/src/create_message_types/install/create_message_types/include/create_message_types/create_message_types/srv/detail/add_three_ints__type_support.c
[3.043s] -- Installing: /root/ros2_ws/src/create_message_types/install/create_message_types/include/create_message_types/create_message_types/srv/detail/light__type_support.c
[3.043s] -- Installing: /root/ros2_ws/src/create_message_types/install/create_message_types/lib/libcreate_message_types__rosidl_typesupport_introspection_c.so
[3.043s] -- Set runtime path of "/root/ros2_ws/src/create_message_types/install/create_message_types/lib/libcreate_message_types__rosidl_typesupport_introspection_c.so" to ""
[3.043s] -- Installing: /root/ros2_ws/src/create_message_types/install/create_message_types/lib/libcreate_message_types__rosidl_typesupport_c.so
[3.043s] -- Set runtime path of "/root/ros2_ws/src/create_message_types/install/create_message_types/lib/libcreate_message_types__rosidl_typesupport_c.so" to ""
[3.043s] -- Up-to-date: /root/ros2_ws/src/create_message_types/install/create_message_types/include/create_message_types/create_message_types
[3.043s] -- Up-to-date: /root/ros2_ws/src/create_message_types/install/create_message_types/include/create_message_types/create_message_types/msg
[3.043s] -- Installing: /root/ros2_ws/src/create_message_types/install/create_message_types/include/create_message_types/create_message_types/msg/num.hpp
[3.043s] -- Up-to-date: /root/ros2_ws/src/create_message_types/install/create_message_types/include/create_message_types/create_message_types/msg/detail
[3.043s] -- Installing: /root/ros2_ws/src/create_message_types/install/create_message_types/include/create_message_types/create_message_types/msg/detail/num__builder.hpp
[3.043s] -- Installing: /root/ros2_ws/src/create_message_types/install/create_message_types/include/create_message_types/create_message_types/msg/detail/num__traits.hpp
[3.043s] -- Installing: /root/ros2_ws/src/create_message_types/install/create_message_types/include/create_message_types/create_message_types/msg/detail/num__struct.hpp
[3.043s] -- Up-to-date: /root/ros2_ws/src/create_message_types/install/create_message_types/include/create_message_types/create_message_types/srv
[3.044s] -- Installing: /root/ros2_ws/src/create_message_types/install/create_message_types/include/create_message_types/create_message_types/srv/light.hpp
[3.044s] -- Installing: /root/ros2_ws/src/create_message_types/install/create_message_types/include/create_message_types/create_message_types/srv/add_three_ints.hpp
[3.044s] -- Installing: /root/ros2_ws/src/create_message_types/install/create_message_types/include/create_message_types/create_message_types/srv/camera_ptz.hpp
[3.044s] -- Installing: /root/ros2_ws/src/create_message_types/install/create_message_types/include/create_message_types/create_message_types/srv/camera.hpp
[3.044s] -- Up-to-date: /root/ros2_ws/src/create_message_types/install/create_message_types/include/create_message_types/create_message_types/srv/detail
[3.044s] -- Installing: /root/ros2_ws/src/create_message_types/install/create_message_types/include/create_message_types/create_message_types/srv/detail/light__builder.hpp
[3.044s] -- Installing: /root/ros2_ws/src/create_message_types/install/create_message_types/include/create_message_types/create_message_types/srv/detail/camera__traits.hpp
[3.044s] -- Installing: /root/ros2_ws/src/create_message_types/install/create_message_types/include/create_message_types/create_message_types/srv/detail/camera_ptz__traits.hpp
[3.044s] -- Installing: /root/ros2_ws/src/create_message_types/install/create_message_types/include/create_message_types/create_message_types/srv/detail/light__traits.hpp
[3.044s] -- Installing: /root/ros2_ws/src/create_message_types/install/create_message_types/include/create_message_types/create_message_types/srv/detail/add_three_ints__struct.hpp
[3.044s] -- Installing: /root/ros2_ws/src/create_message_types/install/create_message_types/include/create_message_types/create_message_types/srv/detail/camera__struct.hpp
[3.044s] -- Installing: /root/ros2_ws/src/create_message_types/install/create_message_types/include/create_message_types/create_message_types/srv/detail/add_three_ints__builder.hpp
[3.044s] -- Installing: /root/ros2_ws/src/create_message_types/install/create_message_types/include/create_message_types/create_message_types/srv/detail/add_three_ints__traits.hpp
[3.044s] -- Installing: /root/ros2_ws/src/create_message_types/install/create_message_types/include/create_message_types/create_message_types/srv/detail/light__struct.hpp
[3.045s] -- Installing: /root/ros2_ws/src/create_message_types/install/create_message_types/include/create_message_types/create_message_types/srv/detail/camera_ptz__builder.hpp
[3.045s] -- Installing: /root/ros2_ws/src/create_message_types/install/create_message_types/include/create_message_types/create_message_types/srv/detail/camera_ptz__struct.hpp
[3.045s] -- Installing: /root/ros2_ws/src/create_message_types/install/create_message_types/include/create_message_types/create_message_types/srv/detail/camera__builder.hpp
[3.045s] -- Up-to-date: /root/ros2_ws/src/create_message_types/install/create_message_types/include/create_message_types/create_message_types
[3.045s] -- Up-to-date: /root/ros2_ws/src/create_message_types/install/create_message_types/include/create_message_types/create_message_types/msg
[3.045s] -- Installing: /root/ros2_ws/src/create_message_types/install/create_message_types/include/create_message_types/create_message_types/msg/rosidl_typesupport_fastrtps_cpp__visibility_control.h
[3.045s] -- Up-to-date: /root/ros2_ws/src/create_message_types/install/create_message_types/include/create_message_types/create_message_types/msg/detail
[3.045s] -- Installing: /root/ros2_ws/src/create_message_types/install/create_message_types/include/create_message_types/create_message_types/msg/detail/num__rosidl_typesupport_fastrtps_cpp.hpp
[3.045s] -- Installing: /root/ros2_ws/src/create_message_types/install/create_message_types/include/create_message_types/create_message_types/msg/detail/dds_fastrtps
[3.045s] -- Up-to-date: /root/ros2_ws/src/create_message_types/install/create_message_types/include/create_message_types/create_message_types/srv
[3.045s] -- Up-to-date: /root/ros2_ws/src/create_message_types/install/create_message_types/include/create_message_types/create_message_types/srv/detail
[3.045s] -- Installing: /root/ros2_ws/src/create_message_types/install/create_message_types/include/create_message_types/create_message_types/srv/detail/add_three_ints__rosidl_typesupport_fastrtps_cpp.hpp
[3.045s] -- Installing: /root/ros2_ws/src/create_message_types/install/create_message_types/include/create_message_types/create_message_types/srv/detail/camera_ptz__rosidl_typesupport_fastrtps_cpp.hpp
[3.046s] -- Installing: /root/ros2_ws/src/create_message_types/install/create_message_types/include/create_message_types/create_message_types/srv/detail/dds_fastrtps
[3.046s] -- Installing: /root/ros2_ws/src/create_message_types/install/create_message_types/include/create_message_types/create_message_types/srv/detail/light__rosidl_typesupport_fastrtps_cpp.hpp
[3.046s] -- Installing: /root/ros2_ws/src/create_message_types/install/create_message_types/include/create_message_types/create_message_types/srv/detail/camera__rosidl_typesupport_fastrtps_cpp.hpp
[3.046s] -- Installing: /root/ros2_ws/src/create_message_types/install/create_message_types/lib/libcreate_message_types__rosidl_typesupport_fastrtps_cpp.so
[3.046s] -- Set runtime path of "/root/ros2_ws/src/create_message_types/install/create_message_types/lib/libcreate_message_types__rosidl_typesupport_fastrtps_cpp.so" to ""
[3.046s] -- Up-to-date: /root/ros2_ws/src/create_message_types/install/create_message_types/include/create_message_types/create_message_types
[3.046s] -- Up-to-date: /root/ros2_ws/src/create_message_types/install/create_message_types/include/create_message_types/create_message_types/msg
[3.046s] -- Up-to-date: /root/ros2_ws/src/create_message_types/install/create_message_types/include/create_message_types/create_message_types/msg/detail
[3.046s] -- Installing: /root/ros2_ws/src/create_message_types/install/create_message_types/include/create_message_types/create_message_types/msg/detail/num__type_support.cpp
[3.046s] -- Installing: /root/ros2_ws/src/create_message_types/install/create_message_types/include/create_message_types/create_message_types/msg/detail/num__rosidl_typesupport_introspection_cpp.hpp
[3.046s] -- Up-to-date: /root/ros2_ws/src/create_message_types/install/create_message_types/include/create_message_types/create_message_types/srv
[3.046s] -- Up-to-date: /root/ros2_ws/src/create_message_types/install/create_message_types/include/create_message_types/create_message_types/srv/detail
[3.046s] -- Installing: /root/ros2_ws/src/create_message_types/install/create_message_types/include/create_message_types/create_message_types/srv/detail/camera__rosidl_typesupport_introspection_cpp.hpp
[3.046s] -- Installing: /root/ros2_ws/src/create_message_types/install/create_message_types/include/create_message_types/create_message_types/srv/detail/light__type_support.cpp
[3.046s] -- Installing: /root/ros2_ws/src/create_message_types/install/create_message_types/include/create_message_types/create_message_types/srv/detail/add_three_ints__rosidl_typesupport_introspection_cpp.hpp
[3.046s] -- Installing: /root/ros2_ws/src/create_message_types/install/create_message_types/include/create_message_types/create_message_types/srv/detail/light__rosidl_typesupport_introspection_cpp.hpp
[3.046s] -- Installing: /root/ros2_ws/src/create_message_types/install/create_message_types/include/create_message_types/create_message_types/srv/detail/camera_ptz__rosidl_typesupport_introspection_cpp.hpp
[3.046s] -- Installing: /root/ros2_ws/src/create_message_types/install/create_message_types/include/create_message_types/create_message_types/srv/detail/add_three_ints__type_support.cpp
[3.046s] -- Installing: /root/ros2_ws/src/create_message_types/install/create_message_types/include/create_message_types/create_message_types/srv/detail/camera_ptz__type_support.cpp
[3.046s] -- Installing: /root/ros2_ws/src/create_message_types/install/create_message_types/include/create_message_types/create_message_types/srv/detail/camera__type_support.cpp
[3.046s] -- Installing: /root/ros2_ws/src/create_message_types/install/create_message_types/lib/libcreate_message_types__rosidl_typesupport_introspection_cpp.so
[3.046s] -- Set runtime path of "/root/ros2_ws/src/create_message_types/install/create_message_types/lib/libcreate_message_types__rosidl_typesupport_introspection_cpp.so" to ""
[3.046s] -- Installing: /root/ros2_ws/src/create_message_types/install/create_message_types/lib/libcreate_message_types__rosidl_typesupport_cpp.so
[3.047s] -- Set runtime path of "/root/ros2_ws/src/create_message_types/install/create_message_types/lib/libcreate_message_types__rosidl_typesupport_cpp.so" to ""
[3.047s] -- Installing: /root/ros2_ws/src/create_message_types/install/create_message_types/share/create_message_types/environment/pythonpath.sh
[3.047s] -- Installing: /root/ros2_ws/src/create_message_types/install/create_message_types/share/create_message_types/environment/pythonpath.dsv
[3.047s] -- Installing: /root/ros2_ws/src/create_message_types/install/create_message_types/local/lib/python3.10/dist-packages/create_message_types-0.0.0-py3.10.egg-info
[3.047s] -- Installing: /root/ros2_ws/src/create_message_types/install/create_message_types/local/lib/python3.10/dist-packages/create_message_types-0.0.0-py3.10.egg-info/dependency_links.txt
[3.047s] -- Installing: /root/ros2_ws/src/create_message_types/install/create_message_types/local/lib/python3.10/dist-packages/create_message_types-0.0.0-py3.10.egg-info/PKG-INFO
[3.047s] -- Installing: /root/ros2_ws/src/create_message_types/install/create_message_types/local/lib/python3.10/dist-packages/create_message_types-0.0.0-py3.10.egg-info/SOURCES.txt
[3.047s] -- Installing: /root/ros2_ws/src/create_message_types/install/create_message_types/local/lib/python3.10/dist-packages/create_message_types-0.0.0-py3.10.egg-info/top_level.txt
[3.047s] -- Installing: /root/ros2_ws/src/create_message_types/install/create_message_types/local/lib/python3.10/dist-packages/create_message_types
[3.047s] -- Installing: /root/ros2_ws/src/create_message_types/install/create_message_types/local/lib/python3.10/dist-packages/create_message_types/create_message_types_s__rosidl_typesupport_introspection_c.cpython-310-x86_64-linux-gnu.so
[3.047s] -- Installing: /root/ros2_ws/src/create_message_types/install/create_message_types/local/lib/python3.10/dist-packages/create_message_types/_create_message_types_s.ep.rosidl_typesupport_c.c
[3.047s] -- Installing: /root/ros2_ws/src/create_message_types/install/create_message_types/local/lib/python3.10/dist-packages/create_message_types/_create_message_types_s.ep.rosidl_typesupport_fastrtps_c.c
[3.047s] -- Installing: /root/ros2_ws/src/create_message_types/install/create_message_types/local/lib/python3.10/dist-packages/create_message_types/create_message_types_s__rosidl_typesupport_fastrtps_c.cpython-310-x86_64-linux-gnu.so
[3.047s] -- Installing: /root/ros2_ws/src/create_message_types/install/create_message_types/local/lib/python3.10/dist-packages/create_message_types/_create_message_types_s.ep.rosidl_typesupport_introspection_c.c
[3.047s] -- Installing: /root/ros2_ws/src/create_message_types/install/create_message_types/local/lib/python3.10/dist-packages/create_message_types/__init__.py
[3.047s] -- Installing: /root/ros2_ws/src/create_message_types/install/create_message_types/local/lib/python3.10/dist-packages/create_message_types/msg
[3.047s] -- Installing: /root/ros2_ws/src/create_message_types/install/create_message_types/local/lib/python3.10/dist-packages/create_message_types/msg/_num.py
[3.047s] -- Installing: /root/ros2_ws/src/create_message_types/install/create_message_types/local/lib/python3.10/dist-packages/create_message_types/msg/__init__.py
[3.047s] -- Installing: /root/ros2_ws/src/create_message_types/install/create_message_types/local/lib/python3.10/dist-packages/create_message_types/msg/_num_s.c
[3.047s] -- Installing: /root/ros2_ws/src/create_message_types/install/create_message_types/local/lib/python3.10/dist-packages/create_message_types/srv
[3.047s] -- Installing: /root/ros2_ws/src/create_message_types/install/create_message_types/local/lib/python3.10/dist-packages/create_message_types/srv/_add_three_ints_s.c
[3.047s] -- Installing: /root/ros2_ws/src/create_message_types/install/create_message_types/local/lib/python3.10/dist-packages/create_message_types/srv/_camera_ptz.py
[3.047s] -- Installing: /root/ros2_ws/src/create_message_types/install/create_message_types/local/lib/python3.10/dist-packages/create_message_types/srv/_camera_ptz_s.c
[3.047s] -- Installing: /root/ros2_ws/src/create_message_types/install/create_message_types/local/lib/python3.10/dist-packages/create_message_types/srv/_light_s.c
[3.047s] -- Installing: /root/ros2_ws/src/create_message_types/install/create_message_types/local/lib/python3.10/dist-packages/create_message_types/srv/__init__.py
[3.047s] -- Installing: /root/ros2_ws/src/create_message_types/install/create_message_types/local/lib/python3.10/dist-packages/create_message_types/srv/_add_three_ints.py
[3.047s] -- Installing: /root/ros2_ws/src/create_message_types/install/create_message_types/local/lib/python3.10/dist-packages/create_message_types/srv/_camera.py
[3.047s] -- Installing: /root/ros2_ws/src/create_message_types/install/create_message_types/local/lib/python3.10/dist-packages/create_message_types/srv/_light.py
[3.047s] -- Installing: /root/ros2_ws/src/create_message_types/install/create_message_types/local/lib/python3.10/dist-packages/create_message_types/srv/_camera_s.c
[3.047s] -- Installing: /root/ros2_ws/src/create_message_types/install/create_message_types/local/lib/python3.10/dist-packages/create_message_types/libcreate_message_types__rosidl_generator_py.so
[3.047s] -- Installing: /root/ros2_ws/src/create_message_types/install/create_message_types/local/lib/python3.10/dist-packages/create_message_types/create_message_types_s__rosidl_typesupport_c.cpython-310-x86_64-linux-gnu.so
[3.069s] Listing '/root/ros2_ws/src/create_message_types/install/create_message_types/local/lib/python3.10/dist-packages/create_message_types'...
[3.069s] Compiling '/root/ros2_ws/src/create_message_types/install/create_message_types/local/lib/python3.10/dist-packages/create_message_types/__init__.py'...
[3.069s] Listing '/root/ros2_ws/src/create_message_types/install/create_message_types/local/lib/python3.10/dist-packages/create_message_types/msg'...
[3.069s] Compiling '/root/ros2_ws/src/create_message_types/install/create_message_types/local/lib/python3.10/dist-packages/create_message_types/msg/__init__.py'...
[3.069s] Compiling '/root/ros2_ws/src/create_message_types/install/create_message_types/local/lib/python3.10/dist-packages/create_message_types/msg/_num.py'...
[3.069s] Listing '/root/ros2_ws/src/create_message_types/install/create_message_types/local/lib/python3.10/dist-packages/create_message_types/srv'...
[3.069s] Compiling '/root/ros2_ws/src/create_message_types/install/create_message_types/local/lib/python3.10/dist-packages/create_message_types/srv/__init__.py'...
[3.069s] Compiling '/root/ros2_ws/src/create_message_types/install/create_message_types/local/lib/python3.10/dist-packages/create_message_types/srv/_add_three_ints.py'...
[3.069s] Compiling '/root/ros2_ws/src/create_message_types/install/create_message_types/local/lib/python3.10/dist-packages/create_message_types/srv/_camera.py'...
[3.069s] Compiling '/root/ros2_ws/src/create_message_types/install/create_message_types/local/lib/python3.10/dist-packages/create_message_types/srv/_camera_ptz.py'...
[3.069s] Compiling '/root/ros2_ws/src/create_message_types/install/create_message_types/local/lib/python3.10/dist-packages/create_message_types/srv/_light.py'...
[3.071s] -- Installing: /root/ros2_ws/src/create_message_types/install/create_message_types/local/lib/python3.10/dist-packages/create_message_types/create_message_types_s__rosidl_typesupport_fastrtps_c.cpython-310-x86_64-linux-gnu.so
[3.071s] -- Set runtime path of "/root/ros2_ws/src/create_message_types/install/create_message_types/local/lib/python3.10/dist-packages/create_message_types/create_message_types_s__rosidl_typesupport_fastrtps_c.cpython-310-x86_64-linux-gnu.so" to ""
[3.072s] -- Installing: /root/ros2_ws/src/create_message_types/install/create_message_types/local/lib/python3.10/dist-packages/create_message_types/create_message_types_s__rosidl_typesupport_introspection_c.cpython-310-x86_64-linux-gnu.so
[3.072s] -- Set runtime path of "/root/ros2_ws/src/create_message_types/install/create_message_types/local/lib/python3.10/dist-packages/create_message_types/create_message_types_s__rosidl_typesupport_introspection_c.cpython-310-x86_64-linux-gnu.so" to ""
[3.072s] -- Installing: /root/ros2_ws/src/create_message_types/install/create_message_types/local/lib/python3.10/dist-packages/create_message_types/create_message_types_s__rosidl_typesupport_c.cpython-310-x86_64-linux-gnu.so
[3.072s] -- Set runtime path of "/root/ros2_ws/src/create_message_types/install/create_message_types/local/lib/python3.10/dist-packages/create_message_types/create_message_types_s__rosidl_typesupport_c.cpython-310-x86_64-linux-gnu.so" to ""
[3.072s] -- Installing: /root/ros2_ws/src/create_message_types/install/create_message_types/lib/libcreate_message_types__rosidl_generator_py.so
[3.072s] -- Set runtime path of "/root/ros2_ws/src/create_message_types/install/create_message_types/lib/libcreate_message_types__rosidl_generator_py.so" to ""
[3.072s] -- Installing: /root/ros2_ws/src/create_message_types/install/create_message_types/share/create_message_types/msg/Num.idl
[3.072s] -- Installing: /root/ros2_ws/src/create_message_types/install/create_message_types/share/create_message_types/srv/Light.idl
[3.072s] -- Installing: /root/ros2_ws/src/create_message_types/install/create_message_types/share/create_message_types/srv/Camera.idl
[3.072s] -- Installing: /root/ros2_ws/src/create_message_types/install/create_message_types/share/create_message_types/srv/CameraPTZ.idl
[3.072s] -- Installing: /root/ros2_ws/src/create_message_types/install/create_message_types/share/create_message_types/srv/AddThreeInts.idl
[3.072s] -- Installing: /root/ros2_ws/src/create_message_types/install/create_message_types/share/create_message_types/msg/Num.msg
[3.072s] -- Installing: /root/ros2_ws/src/create_message_types/install/create_message_types/share/create_message_types/srv/Light.srv
[3.072s] -- Installing: /root/ros2_ws/src/create_message_types/install/create_message_types/share/create_message_types/srv/Light_Request.msg
[3.072s] -- Installing: /root/ros2_ws/src/create_message_types/install/create_message_types/share/create_message_types/srv/Light_Response.msg
[3.072s] -- Installing: /root/ros2_ws/src/create_message_types/install/create_message_types/share/create_message_types/srv/Camera.srv
[3.072s] -- Installing: /root/ros2_ws/src/create_message_types/install/create_message_types/share/create_message_types/srv/Camera_Request.msg
[3.073s] -- Installing: /root/ros2_ws/src/create_message_types/install/create_message_types/share/create_message_types/srv/Camera_Response.msg
[3.073s] -- Installing: /root/ros2_ws/src/create_message_types/install/create_message_types/share/create_message_types/srv/CameraPTZ.srv
[3.073s] -- Installing: /root/ros2_ws/src/create_message_types/install/create_message_types/share/create_message_types/srv/CameraPTZ_Request.msg
[3.073s] -- Installing: /root/ros2_ws/src/create_message_types/install/create_message_types/share/create_message_types/srv/CameraPTZ_Response.msg
[3.073s] -- Installing: /root/ros2_ws/src/create_message_types/install/create_message_types/share/create_message_types/srv/AddThreeInts.srv
[3.073s] -- Installing: /root/ros2_ws/src/create_message_types/install/create_message_types/share/create_message_types/srv/AddThreeInts_Request.msg
[3.073s] -- Installing: /root/ros2_ws/src/create_message_types/install/create_message_types/share/create_message_types/srv/AddThreeInts_Response.msg
[3.073s] -- Installing: /root/ros2_ws/src/create_message_types/install/create_message_types/share/ament_index/resource_index/package_run_dependencies/create_message_types
[3.073s] -- Installing: /root/ros2_ws/src/create_message_types/install/create_message_types/share/ament_index/resource_index/parent_prefix_path/create_message_types
[3.073s] -- Installing: /root/ros2_ws/src/create_message_types/install/create_message_types/share/create_message_types/environment/ament_prefix_path.sh
[3.073s] -- Installing: /root/ros2_ws/src/create_message_types/install/create_message_types/share/create_message_types/environment/ament_prefix_path.dsv
[3.073s] -- Installing: /root/ros2_ws/src/create_message_types/install/create_message_types/share/create_message_types/environment/path.sh
[3.073s] -- Installing: /root/ros2_ws/src/create_message_types/install/create_message_types/share/create_message_types/environment/path.dsv
[3.073s] -- Installing: /root/ros2_ws/src/create_message_types/install/create_message_types/share/create_message_types/local_setup.bash
[3.073s] -- Installing: /root/ros2_ws/src/create_message_types/install/create_message_types/share/create_message_types/local_setup.sh
[3.073s] -- Installing: /root/ros2_ws/src/create_message_types/install/create_message_types/share/create_message_types/local_setup.zsh
[3.074s] -- Installing: /root/ros2_ws/src/create_message_types/install/create_message_types/share/create_message_types/local_setup.dsv
[3.074s] -- Installing: /root/ros2_ws/src/create_message_types/install/create_message_types/share/create_message_types/package.dsv
[3.074s] -- Installing: /root/ros2_ws/src/create_message_types/install/create_message_types/share/ament_index/resource_index/packages/create_message_types
[3.074s] -- Installing: /root/ros2_ws/src/create_message_types/install/create_message_types/share/create_message_types/cmake/export_create_message_types__rosidl_generator_cExport.cmake
[3.074s] -- Installing: /root/ros2_ws/src/create_message_types/install/create_message_types/share/create_message_types/cmake/export_create_message_types__rosidl_generator_cExport-noconfig.cmake
[3.074s] -- Installing: /root/ros2_ws/src/create_message_types/install/create_message_types/share/create_message_types/cmake/export_create_message_types__rosidl_typesupport_fastrtps_cExport.cmake
[3.074s] -- Installing: /root/ros2_ws/src/create_message_types/install/create_message_types/share/create_message_types/cmake/export_create_message_types__rosidl_typesupport_fastrtps_cExport-noconfig.cmake
[3.074s] -- Installing: /root/ros2_ws/src/create_message_types/install/create_message_types/share/create_message_types/cmake/create_message_types__rosidl_typesupport_introspection_cExport.cmake
[3.074s] -- Installing: /root/ros2_ws/src/create_message_types/install/create_message_types/share/create_message_types/cmake/create_message_types__rosidl_typesupport_introspection_cExport-noconfig.cmake
[3.074s] -- Installing: /root/ros2_ws/src/create_message_types/install/create_message_types/share/create_message_types/cmake/create_message_types__rosidl_typesupport_cExport.cmake
[3.074s] -- Installing: /root/ros2_ws/src/create_message_types/install/create_message_types/share/create_message_types/cmake/create_message_types__rosidl_typesupport_cExport-noconfig.cmake
[3.075s] -- Installing: /root/ros2_ws/src/create_message_types/install/create_message_types/share/create_message_types/cmake/export_create_message_types__rosidl_generator_cppExport.cmake
[3.075s] -- Installing: /root/ros2_ws/src/create_message_types/install/create_message_types/share/create_message_types/cmake/export_create_message_types__rosidl_typesupport_fastrtps_cppExport.cmake
[3.075s] -- Installing: /root/ros2_ws/src/create_message_types/install/create_message_types/share/create_message_types/cmake/export_create_message_types__rosidl_typesupport_fastrtps_cppExport-noconfig.cmake
[3.075s] -- Installing: /root/ros2_ws/src/create_message_types/install/create_message_types/share/create_message_types/cmake/create_message_types__rosidl_typesupport_introspection_cppExport.cmake
[3.075s] -- Installing: /root/ros2_ws/src/create_message_types/install/create_message_types/share/create_message_types/cmake/create_message_types__rosidl_typesupport_introspection_cppExport-noconfig.cmake
[3.075s] -- Installing: /root/ros2_ws/src/create_message_types/install/create_message_types/share/create_message_types/cmake/create_message_types__rosidl_typesupport_cppExport.cmake
[3.075s] -- Installing: /root/ros2_ws/src/create_message_types/install/create_message_types/share/create_message_types/cmake/create_message_types__rosidl_typesupport_cppExport-noconfig.cmake
[3.075s] -- Installing: /root/ros2_ws/src/create_message_types/install/create_message_types/share/create_message_types/cmake/export_create_message_types__rosidl_generator_pyExport.cmake
[3.075s] -- Installing: /root/ros2_ws/src/create_message_types/install/create_message_types/share/create_message_types/cmake/export_create_message_types__rosidl_generator_pyExport-noconfig.cmake
[3.075s] -- Installing: /root/ros2_ws/src/create_message_types/install/create_message_types/share/create_message_types/cmake/rosidl_cmake-extras.cmake
[3.075s] -- Installing: /root/ros2_ws/src/create_message_types/install/create_message_types/share/create_message_types/cmake/ament_cmake_export_include_directories-extras.cmake
[3.075s] -- Installing: /root/ros2_ws/src/create_message_types/install/create_message_types/share/create_message_types/cmake/ament_cmake_export_libraries-extras.cmake
[3.075s] -- Installing: /root/ros2_ws/src/create_message_types/install/create_message_types/share/create_message_types/cmake/ament_cmake_export_targets-extras.cmake
[3.075s] -- Installing: /root/ros2_ws/src/create_message_types/install/create_message_types/share/create_message_types/cmake/rosidl_cmake_export_typesupport_targets-extras.cmake
[3.075s] -- Installing: /root/ros2_ws/src/create_message_types/install/create_message_types/share/create_message_types/cmake/ament_cmake_export_dependencies-extras.cmake
[3.076s] -- Installing: /root/ros2_ws/src/create_message_types/install/create_message_types/share/create_message_types/cmake/rosidl_cmake_export_typesupport_libraries-extras.cmake
[3.076s] -- Installing: /root/ros2_ws/src/create_message_types/install/create_message_types/share/create_message_types/cmake/create_message_typesConfig.cmake
[3.076s] -- Installing: /root/ros2_ws/src/create_message_types/install/create_message_types/share/create_message_types/cmake/create_message_typesConfig-version.cmake
[3.076s] -- Installing: /root/ros2_ws/src/create_message_types/install/create_message_types/share/create_message_types/package.xml
[3.077s] Invoked command in '/root/ros2_ws/src/create_message_types/build/create_message_types' returned '0': CMAKE_PREFIX_PATH=/opt/ros/humble /usr/bin/cmake --install /root/ros2_ws/src/create_message_types/build/create_message_types
