[0.618s] DEBUG:colcon:Command line arguments: ['/usr/bin/colcon', 'build', '--packages-select', 'spot_cam_ros2']
[0.618s] DEBUG:colcon:Parsed command line arguments: Namespace(log_base=None, log_level=None, verb_name='build', build_base='build', install_base='install', merge_install=False, symlink_install=False, test_result_base=None, continue_on_error=False, executor='parallel', parallel_workers=20, event_handlers=None, ignore_user_meta=False, metas=['./colcon.meta'], base_paths=['.'], packages_ignore=None, packages_ignore_regex=None, paths=None, packages_up_to=None, packages_up_to_regex=None, packages_above=None, packages_above_and_dependencies=None, packages_above_depth=None, packages_select_by_dep=None, packages_skip_by_dep=None, packages_skip_up_to=None, packages_select_build_failed=False, packages_skip_build_finished=False, packages_select_test_failures=False, packages_skip_test_passed=False, packages_select=['spot_cam_ros2'], packages_skip=None, packages_select_regex=None, packages_skip_regex=None, packages_start=None, packages_end=None, cmake_args=None, cmake_target=None, cmake_target_skip_unavailable=False, cmake_clean_cache=False, cmake_clean_first=False, cmake_force_configure=False, ament_cmake_args=None, catkin_cmake_args=None, catkin_skip_building_tests=False, mixin_files=None, mixin=None, verb_parser=<colcon_mixin.mixin.mixin_argument.MixinArgumentDecorator object at 0x7f3ebf7eb4c0>, verb_extension=<colcon_core.verb.build.BuildVerb object at 0x7f3ebf7eb8e0>, main=<bound method BuildVerb.main of <colcon_core.verb.build.BuildVerb object at 0x7f3ebf7eb8e0>>, mixin_verb=('build',))
[0.643s] Level 1:colcon.colcon_core.package_discovery:discover_packages(colcon_meta) check parameters
[0.643s] INFO:colcon.colcon_metadata.package_discovery.colcon_meta:Using configuration from '/root/.colcon/metadata/default/Gazebo.meta'
[0.644s] INFO:colcon.colcon_metadata.package_discovery.colcon_meta:Using configuration from '/root/.colcon/metadata/default/fastrtps.meta'
[0.644s] Level 1:colcon.colcon_core.package_discovery:discover_packages(recursive) check parameters
[0.644s] Level 1:colcon.colcon_core.package_discovery:discover_packages(ignore) check parameters
[0.644s] Level 1:colcon.colcon_core.package_discovery:discover_packages(path) check parameters
[0.644s] Level 1:colcon.colcon_core.package_discovery:discover_packages(colcon_meta) discover
[0.644s] Level 1:colcon.colcon_core.package_discovery:discover_packages(recursive) discover
[0.644s] INFO:colcon.colcon_core.package_discovery:Crawling recursively for packages in '/root/ros2_ws/src/spot_cam_ros2'
[0.644s] Level 1:colcon.colcon_core.package_identification:_identify(.) by extensions ['ignore', 'ignore_ament_install']
[0.644s] Level 1:colcon.colcon_core.package_identification:_identify(.) by extension 'ignore'
[0.644s] Level 1:colcon.colcon_core.package_identification:_identify(.) by extension 'ignore_ament_install'
[0.644s] Level 1:colcon.colcon_core.package_identification:_identify(.) by extensions ['colcon_pkg']
[0.644s] Level 1:colcon.colcon_core.package_identification:_identify(.) by extension 'colcon_pkg'
[0.644s] Level 1:colcon.colcon_core.package_identification:_identify(.) by extensions ['colcon_meta']
[0.644s] Level 1:colcon.colcon_core.package_identification:_identify(.) by extension 'colcon_meta'
[0.644s] Level 1:colcon.colcon_core.package_identification:_identify(.) by extensions ['ros']
[0.644s] Level 1:colcon.colcon_core.package_identification:_identify(.) by extension 'ros'
[0.652s] DEBUG:colcon.colcon_core.package_identification:Package '.' with type 'ros.ament_python' and name 'spot_cam_ros2'
[0.652s] Level 1:colcon.colcon_core.package_discovery:discover_packages(recursive) using defaults
[0.652s] Level 1:colcon.colcon_core.package_discovery:discover_packages(ignore) discover
[0.652s] Level 1:colcon.colcon_core.package_discovery:discover_packages(ignore) using defaults
[0.652s] Level 1:colcon.colcon_core.package_discovery:discover_packages(path) discover
[0.652s] Level 1:colcon.colcon_core.package_discovery:discover_packages(path) using defaults
[0.692s] Level 5:colcon.colcon_core.verb:set package 'spot_cam_ros2' build argument 'cmake_args' from command line to 'None'
[0.692s] Level 5:colcon.colcon_core.verb:set package 'spot_cam_ros2' build argument 'cmake_target' from command line to 'None'
[0.692s] Level 5:colcon.colcon_core.verb:set package 'spot_cam_ros2' build argument 'cmake_target_skip_unavailable' from command line to 'False'
[0.692s] Level 5:colcon.colcon_core.verb:set package 'spot_cam_ros2' build argument 'cmake_clean_cache' from command line to 'False'
[0.692s] Level 5:colcon.colcon_core.verb:set package 'spot_cam_ros2' build argument 'cmake_clean_first' from command line to 'False'
[0.692s] Level 5:colcon.colcon_core.verb:set package 'spot_cam_ros2' build argument 'cmake_force_configure' from command line to 'False'
[0.692s] Level 5:colcon.colcon_core.verb:set package 'spot_cam_ros2' build argument 'ament_cmake_args' from command line to 'None'
[0.692s] Level 5:colcon.colcon_core.verb:set package 'spot_cam_ros2' build argument 'catkin_cmake_args' from command line to 'None'
[0.692s] Level 5:colcon.colcon_core.verb:set package 'spot_cam_ros2' build argument 'catkin_skip_building_tests' from command line to 'False'
[0.693s] DEBUG:colcon.colcon_core.verb:Building package 'spot_cam_ros2' with the following arguments: {'ament_cmake_args': None, 'build_base': '/root/ros2_ws/src/spot_cam_ros2/build/spot_cam_ros2', 'catkin_cmake_args': None, 'catkin_skip_building_tests': False, 'cmake_args': None, 'cmake_clean_cache': False, 'cmake_clean_first': False, 'cmake_force_configure': False, 'cmake_target': None, 'cmake_target_skip_unavailable': False, 'install_base': '/root/ros2_ws/src/spot_cam_ros2/install/spot_cam_ros2', 'merge_install': False, 'path': '/root/ros2_ws/src/spot_cam_ros2', 'symlink_install': False, 'test_result_base': None}
[0.699s] INFO:colcon.colcon_core.executor:Executing jobs using 'parallel' executor
[0.706s] DEBUG:colcon.colcon_parallel_executor.executor.parallel:run_until_complete
[0.706s] INFO:colcon.colcon_ros.task.ament_python.build:Building ROS package in '/root/ros2_ws/src/spot_cam_ros2' with build type 'ament_python'
[0.707s] Level 1:colcon.colcon_core.shell:create_environment_hook('spot_cam_ros2', 'ament_prefix_path')
[0.714s] INFO:colcon.colcon_core.plugin_system:Skipping extension 'colcon_core.shell.bat': Not used on non-Windows systems
[0.714s] INFO:colcon.colcon_core.shell:Creating environment hook '/root/ros2_ws/src/spot_cam_ros2/install/spot_cam_ros2/share/spot_cam_ros2/hook/ament_prefix_path.ps1'
[0.715s] INFO:colcon.colcon_core.shell:Creating environment descriptor '/root/ros2_ws/src/spot_cam_ros2/install/spot_cam_ros2/share/spot_cam_ros2/hook/ament_prefix_path.dsv'
[0.715s] INFO:colcon.colcon_core.shell:Creating environment hook '/root/ros2_ws/src/spot_cam_ros2/install/spot_cam_ros2/share/spot_cam_ros2/hook/ament_prefix_path.sh'
[0.722s] INFO:colcon.colcon_core.shell:Skip shell extension 'powershell' for command environment: Not usable outside of PowerShell
[0.722s] DEBUG:colcon.colcon_core.shell:Skip shell extension 'dsv' for command environment
[0.729s] WARNING:colcon.colcon_ros.prefix_path.ament:The path '/root/ros2_ws/install/turtlesim' in the environment variable AMENT_PREFIX_PATH doesn't exist
[0.729s] WARNING:colcon.colcon_ros.prefix_path.catkin:The path '/root/ros2_ws/install/turtlesim' in the environment variable CMAKE_PREFIX_PATH doesn't exist
[0.903s] INFO:colcon.colcon_core.task.python.build:Building Python package in '/root/ros2_ws/src/spot_cam_ros2'
[0.910s] INFO:colcon.colcon_core.shell:Skip shell extension 'powershell' for command environment: Not usable outside of PowerShell
[0.910s] DEBUG:colcon.colcon_core.shell:Skip shell extension 'dsv' for command environment
[1.134s] DEBUG:colcon.colcon_core.event_handler.log_command:Invoking command in '/root/ros2_ws/src/spot_cam_ros2': PYTHONPATH=/root/ros2_ws/src/spot_cam_ros2/build/spot_cam_ros2/prefix_override:/root/ros2_ws/src/spot_cam_ros2/install/spot_cam_ros2/lib/python3.10/site-packages:${PYTHONPATH} /usr/bin/python3 setup.py egg_info --egg-base build/spot_cam_ros2 build --build-base /root/ros2_ws/src/spot_cam_ros2/build/spot_cam_ros2/build install --record /root/ros2_ws/src/spot_cam_ros2/build/spot_cam_ros2/install.log --single-version-externally-managed
[1.334s] DEBUG:colcon.colcon_core.event_handler.log_command:Invoked command in '/root/ros2_ws/src/spot_cam_ros2' returned '0': PYTHONPATH=/root/ros2_ws/src/spot_cam_ros2/build/spot_cam_ros2/prefix_override:/root/ros2_ws/src/spot_cam_ros2/install/spot_cam_ros2/lib/python3.10/site-packages:${PYTHONPATH} /usr/bin/python3 setup.py egg_info --egg-base build/spot_cam_ros2 build --build-base /root/ros2_ws/src/spot_cam_ros2/build/spot_cam_ros2/build install --record /root/ros2_ws/src/spot_cam_ros2/build/spot_cam_ros2/install.log --single-version-externally-managed
[1.343s] Level 1:colcon.colcon_core.environment:checking '/root/ros2_ws/src/spot_cam_ros2/install/spot_cam_ros2' for CMake module files
[1.344s] Level 1:colcon.colcon_core.environment:checking '/root/ros2_ws/src/spot_cam_ros2/install/spot_cam_ros2' for CMake config files
[1.345s] Level 1:colcon.colcon_core.environment:checking '/root/ros2_ws/src/spot_cam_ros2/install/spot_cam_ros2/lib'
[1.345s] Level 1:colcon.colcon_core.environment:checking '/root/ros2_ws/src/spot_cam_ros2/install/spot_cam_ros2/bin'
[1.345s] Level 1:colcon.colcon_core.environment:checking '/root/ros2_ws/src/spot_cam_ros2/install/spot_cam_ros2/lib/pkgconfig/spot_cam_ros2.pc'
[1.345s] Level 1:colcon.colcon_core.environment:checking '/root/ros2_ws/src/spot_cam_ros2/install/spot_cam_ros2/lib/python3.10/site-packages'
[1.345s] Level 1:colcon.colcon_core.shell:create_environment_hook('spot_cam_ros2', 'pythonpath')
[1.352s] INFO:colcon.colcon_core.shell:Creating environment hook '/root/ros2_ws/src/spot_cam_ros2/install/spot_cam_ros2/share/spot_cam_ros2/hook/pythonpath.ps1'
[1.353s] INFO:colcon.colcon_core.shell:Creating environment descriptor '/root/ros2_ws/src/spot_cam_ros2/install/spot_cam_ros2/share/spot_cam_ros2/hook/pythonpath.dsv'
[1.353s] INFO:colcon.colcon_core.shell:Creating environment hook '/root/ros2_ws/src/spot_cam_ros2/install/spot_cam_ros2/share/spot_cam_ros2/hook/pythonpath.sh'
[1.353s] Level 1:colcon.colcon_core.environment:checking '/root/ros2_ws/src/spot_cam_ros2/install/spot_cam_ros2/bin'
[1.353s] Level 1:colcon.colcon_core.environment:create_environment_scripts_only(spot_cam_ros2)
[1.360s] INFO:colcon.colcon_core.shell:Creating package script '/root/ros2_ws/src/spot_cam_ros2/install/spot_cam_ros2/share/spot_cam_ros2/package.ps1'
[1.361s] INFO:colcon.colcon_core.shell:Creating package descriptor '/root/ros2_ws/src/spot_cam_ros2/install/spot_cam_ros2/share/spot_cam_ros2/package.dsv'
[1.361s] INFO:colcon.colcon_core.shell:Creating package script '/root/ros2_ws/src/spot_cam_ros2/install/spot_cam_ros2/share/spot_cam_ros2/package.sh'
[1.361s] INFO:colcon.colcon_core.shell:Creating package script '/root/ros2_ws/src/spot_cam_ros2/install/spot_cam_ros2/share/spot_cam_ros2/package.bash'
[1.362s] INFO:colcon.colcon_core.shell:Creating package script '/root/ros2_ws/src/spot_cam_ros2/install/spot_cam_ros2/share/spot_cam_ros2/package.zsh'
[1.362s] Level 1:colcon.colcon_core.environment:create_file_with_runtime_dependencies(/root/ros2_ws/src/spot_cam_ros2/install/spot_cam_ros2/share/colcon-core/packages/spot_cam_ros2)
[1.362s] DEBUG:colcon.colcon_parallel_executor.executor.parallel:closing loop
[1.362s] DEBUG:colcon.colcon_parallel_executor.executor.parallel:loop closed
[1.362s] DEBUG:colcon.colcon_parallel_executor.executor.parallel:run_until_complete finished with '0'
[1.362s] DEBUG:colcon.colcon_core.event_reactor:joining thread
[1.373s] INFO:colcon.colcon_core.plugin_system:Skipping extension 'colcon_notification.desktop_notification.notify_send': Could not find 'notify-send'
[1.374s] INFO:colcon.colcon_core.plugin_system:Skipping extension 'colcon_notification.desktop_notification.terminal_notifier': Not used on non-Darwin systems
[1.374s] INFO:colcon.colcon_core.plugin_system:Skipping extension 'colcon_notification.desktop_notification.win32': Not used on non-Windows systems
[1.374s] INFO:colcon.colcon_notification.desktop_notification:Sending desktop notification using 'notify2'
[1.374s] DEBUG:colcon.colcon_notification.desktop_notification.notify2:Failed to initialize notify2: org.freedesktop.DBus.Error.NotSupported: Unable to autolaunch a dbus-daemon without a $DISPLAY for X11
[1.374s] DEBUG:colcon.colcon_core.event_reactor:joined thread
[1.381s] INFO:colcon.colcon_core.shell:Creating prefix script '/root/ros2_ws/src/spot_cam_ros2/install/local_setup.ps1'
[1.382s] INFO:colcon.colcon_core.shell:Creating prefix util module '/root/ros2_ws/src/spot_cam_ros2/install/_local_setup_util_ps1.py'
[1.383s] INFO:colcon.colcon_core.shell:Creating prefix chain script '/root/ros2_ws/src/spot_cam_ros2/install/setup.ps1'
[1.391s] INFO:colcon.colcon_core.shell:Creating prefix script '/root/ros2_ws/src/spot_cam_ros2/install/local_setup.sh'
[1.392s] INFO:colcon.colcon_core.shell:Creating prefix util module '/root/ros2_ws/src/spot_cam_ros2/install/_local_setup_util_sh.py'
[1.392s] INFO:colcon.colcon_core.shell:Creating prefix chain script '/root/ros2_ws/src/spot_cam_ros2/install/setup.sh'
[1.406s] INFO:colcon.colcon_core.shell:Creating prefix script '/root/ros2_ws/src/spot_cam_ros2/install/local_setup.bash'
[1.406s] INFO:colcon.colcon_core.shell:Creating prefix chain script '/root/ros2_ws/src/spot_cam_ros2/install/setup.bash'
[1.414s] INFO:colcon.colcon_core.shell:Creating prefix script '/root/ros2_ws/src/spot_cam_ros2/install/local_setup.zsh'
[1.414s] INFO:colcon.colcon_core.shell:Creating prefix chain script '/root/ros2_ws/src/spot_cam_ros2/install/setup.zsh'
