[0.026s] Invoking command in '/root/ros2_ws/src/create_message_types/build/create_message_types': CMAKE_PREFIX_PATH=/opt/ros/humble /usr/bin/cmake --build /root/ros2_ws/src/create_message_types/build/create_message_types -- -j20 -l20
[0.039s] -- Found ament_cmake: 1.3.7 (/opt/ros/humble/share/ament_cmake/cmake)
[0.121s] -- Found rosidl_default_generators: 1.2.0 (/opt/ros/humble/share/rosidl_default_generators/cmake)
[0.122s] -- Using all available rosidl_typesupport_c: rosidl_typesupport_fastrtps_c;rosidl_typesupport_introspection_c
[0.123s] -- Found rosidl_adapter: 3.1.5 (/opt/ros/humble/share/rosidl_adapter/cmake)
[0.139s] -- Using all available rosidl_typesupport_cpp: rosidl_typesupport_fastrtps_cpp;rosidl_typesupport_introspection_cpp
[0.230s] [31mCMake Error at /opt/ros/humble/share/rosidl_adapter/cmake/rosidl_adapt_interfaces.cmake:59 (message):
[0.230s]   execute_process(/usr/bin/python3.10 -m rosidl_adapter --package-name
[0.230s]   create_message_types --arguments-file
[0.230s]   /root/ros2_ws/src/create_message_types/build/create_message_types/rosidl_adapter__arguments__create_message_types.json
[0.230s]   --output-dir
[0.230s]   /root/ros2_ws/src/create_message_types/build/create_message_types/rosidl_adapter/create_message_types
[0.230s]   --output-file
[0.230s]   /root/ros2_ws/src/create_message_types/build/create_message_types/rosidl_adapter/create_message_types.idls)
[0.230s]   returned error code 1:
[0.230s] 
[0.230s]   Traceback (most recent call last):
[0.230s] 
[0.230s]     File "/usr/lib/python3.10/runpy.py", line 196, in _run_module_as_main
[0.230s]       return _run_code(code, main_globals, None,
[0.230s]     File "/usr/lib/python3.10/runpy.py", line 86, in _run_code
[0.231s]       exec(code, run_globals)
[0.231s]     File "/opt/ros/humble/local/lib/python3.10/dist-packages/rosidl_adapter/__main__.py", line 19, in <module>
[0.231s]       sys.exit(main())
[0.231s]     File "/opt/ros/humble/local/lib/python3.10/dist-packages/rosidl_adapter/main.py", line 53, in main
[0.231s]       abs_idl_file = convert_to_idl(
[0.231s]     File "/opt/ros/humble/local/lib/python3.10/dist-packages/rosidl_adapter/__init__.py", line 24, in convert_to_idl
[0.231s]       return convert_srv_to_idl(
[0.231s]     File "/opt/ros/humble/local/lib/python3.10/dist-packages/rosidl_adapter/srv/__init__.py", line 28, in convert_srv_to_idl
[0.231s]       srv = parse_service_string(package_name, input_file.stem, content)
[0.231s]     File "/opt/ros/humble/local/lib/python3.10/dist-packages/rosidl_adapter/parser.py", line 859, in parse_service_string
[0.231s]       request_message = parse_message_string(
[0.231s]     File "/opt/ros/humble/local/lib/python3.10/dist-packages/rosidl_adapter/parser.py", line 544, in parse_message_string
[0.231s]       msg = MessageSpecification(pkg_name, msg_name, fields, constants)
[0.231s]     File "/opt/ros/humble/local/lib/python3.10/dist-packages/rosidl_adapter/parser.py", line 403, in __init__
[0.231s]       raise ValueError(
[0.231s] 
[0.231s]   ValueError: the fields iterable contains duplicate names: hostname
[0.231s] 
[0.231s] Call Stack (most recent call first):
[0.231s]   /opt/ros/humble/share/rosidl_cmake/cmake/rosidl_generate_interfaces.cmake:130 (rosidl_adapt_interfaces)
[0.231s]   CMakeLists.txt:13 (rosidl_generate_interfaces)
[0.231s] 
[0.231s] [0m
[0.231s] -- Configuring incomplete, errors occurred!
[0.231s] See also "/root/ros2_ws/src/create_message_types/build/create_message_types/CMakeFiles/CMakeOutput.log".
[0.233s] gmake: *** [Makefile:1611: cmake_check_build_system] Error 1
[0.235s] Invoked command in '/root/ros2_ws/src/create_message_types/build/create_message_types' returned '2': CMAKE_PREFIX_PATH=/opt/ros/humble /usr/bin/cmake --build /root/ros2_ws/src/create_message_types/build/create_message_types -- -j20 -l20
