[0.589s] DEBUG:colcon:Command line arguments: ['/usr/bin/colcon', 'build', '--packages-select', 'create_message_types']
[0.589s] DEBUG:colcon:Parsed command line arguments: Namespace(log_base=None, log_level=None, verb_name='build', build_base='build', install_base='install', merge_install=False, symlink_install=False, test_result_base=None, continue_on_error=False, executor='parallel', parallel_workers=20, event_handlers=None, ignore_user_meta=False, metas=['./colcon.meta'], base_paths=['.'], packages_ignore=None, packages_ignore_regex=None, paths=None, packages_up_to=None, packages_up_to_regex=None, packages_above=None, packages_above_and_dependencies=None, packages_above_depth=None, packages_select_by_dep=None, packages_skip_by_dep=None, packages_skip_up_to=None, packages_select_build_failed=False, packages_skip_build_finished=False, packages_select_test_failures=False, packages_skip_test_passed=False, packages_select=['create_message_types'], packages_skip=None, packages_select_regex=None, packages_skip_regex=None, packages_start=None, packages_end=None, cmake_args=None, cmake_target=None, cmake_target_skip_unavailable=False, cmake_clean_cache=False, cmake_clean_first=False, cmake_force_configure=False, ament_cmake_args=None, catkin_cmake_args=None, catkin_skip_building_tests=False, mixin_files=None, mixin=None, verb_parser=<colcon_mixin.mixin.mixin_argument.MixinArgumentDecorator object at 0x7f3491ffaa70>, verb_extension=<colcon_core.verb.build.BuildVerb object at 0x7f3491ffb850>, main=<bound method BuildVerb.main of <colcon_core.verb.build.BuildVerb object at 0x7f3491ffb850>>, mixin_verb=('build',))
[0.612s] Level 1:colcon.colcon_core.package_discovery:discover_packages(colcon_meta) check parameters
[0.613s] INFO:colcon.colcon_metadata.package_discovery.colcon_meta:Using configuration from '/root/.colcon/metadata/default/Gazebo.meta'
[0.613s] INFO:colcon.colcon_metadata.package_discovery.colcon_meta:Using configuration from '/root/.colcon/metadata/default/fastrtps.meta'
[0.613s] Level 1:colcon.colcon_core.package_discovery:discover_packages(recursive) check parameters
[0.613s] Level 1:colcon.colcon_core.package_discovery:discover_packages(ignore) check parameters
[0.613s] Level 1:colcon.colcon_core.package_discovery:discover_packages(path) check parameters
[0.613s] Level 1:colcon.colcon_core.package_discovery:discover_packages(colcon_meta) discover
[0.613s] Level 1:colcon.colcon_core.package_discovery:discover_packages(recursive) discover
[0.613s] INFO:colcon.colcon_core.package_discovery:Crawling recursively for packages in '/root/ros2_ws/src/create_message_types'
[0.613s] Level 1:colcon.colcon_core.package_identification:_identify(.) by extensions ['ignore', 'ignore_ament_install']
[0.613s] Level 1:colcon.colcon_core.package_identification:_identify(.) by extension 'ignore'
[0.613s] Level 1:colcon.colcon_core.package_identification:_identify(.) by extension 'ignore_ament_install'
[0.613s] Level 1:colcon.colcon_core.package_identification:_identify(.) by extensions ['colcon_pkg']
[0.613s] Level 1:colcon.colcon_core.package_identification:_identify(.) by extension 'colcon_pkg'
[0.613s] Level 1:colcon.colcon_core.package_identification:_identify(.) by extensions ['colcon_meta']
[0.613s] Level 1:colcon.colcon_core.package_identification:_identify(.) by extension 'colcon_meta'
[0.614s] Level 1:colcon.colcon_core.package_identification:_identify(.) by extensions ['ros']
[0.614s] Level 1:colcon.colcon_core.package_identification:_identify(.) by extension 'ros'
[0.622s] DEBUG:colcon.colcon_core.package_identification:Package '.' with type 'ros.ament_cmake' and name 'create_message_types'
[0.622s] Level 1:colcon.colcon_core.package_discovery:discover_packages(recursive) using defaults
[0.622s] Level 1:colcon.colcon_core.package_discovery:discover_packages(ignore) discover
[0.622s] Level 1:colcon.colcon_core.package_discovery:discover_packages(ignore) using defaults
[0.622s] Level 1:colcon.colcon_core.package_discovery:discover_packages(path) discover
[0.622s] Level 1:colcon.colcon_core.package_discovery:discover_packages(path) using defaults
[0.659s] Level 5:colcon.colcon_core.verb:set package 'create_message_types' build argument 'cmake_args' from command line to 'None'
[0.659s] Level 5:colcon.colcon_core.verb:set package 'create_message_types' build argument 'cmake_target' from command line to 'None'
[0.659s] Level 5:colcon.colcon_core.verb:set package 'create_message_types' build argument 'cmake_target_skip_unavailable' from command line to 'False'
[0.659s] Level 5:colcon.colcon_core.verb:set package 'create_message_types' build argument 'cmake_clean_cache' from command line to 'False'
[0.659s] Level 5:colcon.colcon_core.verb:set package 'create_message_types' build argument 'cmake_clean_first' from command line to 'False'
[0.659s] Level 5:colcon.colcon_core.verb:set package 'create_message_types' build argument 'cmake_force_configure' from command line to 'False'
[0.659s] Level 5:colcon.colcon_core.verb:set package 'create_message_types' build argument 'ament_cmake_args' from command line to 'None'
[0.659s] Level 5:colcon.colcon_core.verb:set package 'create_message_types' build argument 'catkin_cmake_args' from command line to 'None'
[0.659s] Level 5:colcon.colcon_core.verb:set package 'create_message_types' build argument 'catkin_skip_building_tests' from command line to 'False'
[0.659s] DEBUG:colcon.colcon_core.verb:Building package 'create_message_types' with the following arguments: {'ament_cmake_args': None, 'build_base': '/root/ros2_ws/src/create_message_types/build/create_message_types', 'catkin_cmake_args': None, 'catkin_skip_building_tests': False, 'cmake_args': None, 'cmake_clean_cache': False, 'cmake_clean_first': False, 'cmake_force_configure': False, 'cmake_target': None, 'cmake_target_skip_unavailable': False, 'install_base': '/root/ros2_ws/src/create_message_types/install/create_message_types', 'merge_install': False, 'path': '/root/ros2_ws/src/create_message_types', 'symlink_install': False, 'test_result_base': None}
[0.666s] INFO:colcon.colcon_core.executor:Executing jobs using 'parallel' executor
[0.673s] DEBUG:colcon.colcon_parallel_executor.executor.parallel:run_until_complete
[0.673s] INFO:colcon.colcon_ros.task.ament_cmake.build:Building ROS package in '/root/ros2_ws/src/create_message_types' with build type 'ament_cmake'
[0.673s] INFO:colcon.colcon_cmake.task.cmake.build:Building CMake package in '/root/ros2_ws/src/create_message_types'
[0.682s] INFO:colcon.colcon_core.plugin_system:Skipping extension 'colcon_core.shell.bat': Not used on non-Windows systems
[0.682s] INFO:colcon.colcon_core.shell:Skip shell extension 'powershell' for command environment: Not usable outside of PowerShell
[0.682s] DEBUG:colcon.colcon_core.shell:Skip shell extension 'dsv' for command environment
[0.700s] DEBUG:colcon.colcon_core.event_handler.log_command:Invoking command in '/root/ros2_ws/src/create_message_types/build/create_message_types': CMAKE_PREFIX_PATH=/opt/ros/humble /usr/bin/cmake /root/ros2_ws/src/create_message_types -DCMAKE_INSTALL_PREFIX=/root/ros2_ws/src/create_message_types/install/create_message_types
[1.559s] DEBUG:colcon.colcon_core.event_handler.log_command:Invoked command in '/root/ros2_ws/src/create_message_types/build/create_message_types' returned '0': CMAKE_PREFIX_PATH=/opt/ros/humble /usr/bin/cmake /root/ros2_ws/src/create_message_types -DCMAKE_INSTALL_PREFIX=/root/ros2_ws/src/create_message_types/install/create_message_types
[1.559s] DEBUG:colcon.colcon_core.event_handler.log_command:Invoking command in '/root/ros2_ws/src/create_message_types/build/create_message_types': CMAKE_PREFIX_PATH=/opt/ros/humble /usr/bin/cmake --build /root/ros2_ws/src/create_message_types/build/create_message_types -- -j20 -l20
[3.648s] DEBUG:colcon.colcon_core.event_handler.log_command:Invoked command in '/root/ros2_ws/src/create_message_types/build/create_message_types' returned '0': CMAKE_PREFIX_PATH=/opt/ros/humble /usr/bin/cmake --build /root/ros2_ws/src/create_message_types/build/create_message_types -- -j20 -l20
[3.706s] DEBUG:colcon.colcon_core.event_handler.log_command:Invoking command in '/root/ros2_ws/src/create_message_types/build/create_message_types': CMAKE_PREFIX_PATH=/opt/ros/humble /usr/bin/cmake --install /root/ros2_ws/src/create_message_types/build/create_message_types
[3.751s] Level 1:colcon.colcon_core.environment:create_environment_scripts_only(create_message_types)
[3.751s] DEBUG:colcon.colcon_core.event_handler.log_command:Invoked command in '/root/ros2_ws/src/create_message_types/build/create_message_types' returned '0': CMAKE_PREFIX_PATH=/opt/ros/humble /usr/bin/cmake --install /root/ros2_ws/src/create_message_types/build/create_message_types
[3.759s] Level 1:colcon.colcon_core.environment:checking '/root/ros2_ws/src/create_message_types/install/create_message_types' for CMake module files
[3.760s] Level 1:colcon.colcon_core.environment:checking '/root/ros2_ws/src/create_message_types/install/create_message_types' for CMake config files
[3.760s] Level 1:colcon.colcon_core.shell:create_environment_hook('create_message_types', 'cmake_prefix_path')
[3.766s] INFO:colcon.colcon_core.shell:Creating environment hook '/root/ros2_ws/src/create_message_types/install/create_message_types/share/create_message_types/hook/cmake_prefix_path.ps1'
[3.767s] INFO:colcon.colcon_core.shell:Creating environment descriptor '/root/ros2_ws/src/create_message_types/install/create_message_types/share/create_message_types/hook/cmake_prefix_path.dsv'
[3.767s] INFO:colcon.colcon_core.shell:Creating environment hook '/root/ros2_ws/src/create_message_types/install/create_message_types/share/create_message_types/hook/cmake_prefix_path.sh'
[3.767s] Level 1:colcon.colcon_core.environment:checking '/root/ros2_ws/src/create_message_types/install/create_message_types/lib'
[3.767s] Level 1:colcon.colcon_core.shell:create_environment_hook('create_message_types', 'ld_library_path_lib')
[3.774s] INFO:colcon.colcon_core.shell:Creating environment hook '/root/ros2_ws/src/create_message_types/install/create_message_types/share/create_message_types/hook/ld_library_path_lib.ps1'
[3.774s] INFO:colcon.colcon_core.shell:Creating environment descriptor '/root/ros2_ws/src/create_message_types/install/create_message_types/share/create_message_types/hook/ld_library_path_lib.dsv'
[3.774s] INFO:colcon.colcon_core.shell:Creating environment hook '/root/ros2_ws/src/create_message_types/install/create_message_types/share/create_message_types/hook/ld_library_path_lib.sh'
[3.774s] Level 1:colcon.colcon_core.environment:checking '/root/ros2_ws/src/create_message_types/install/create_message_types/bin'
[3.774s] Level 1:colcon.colcon_core.environment:checking '/root/ros2_ws/src/create_message_types/install/create_message_types/lib/pkgconfig/create_message_types.pc'
[3.776s] Level 1:colcon.colcon_core.environment:checking '/root/ros2_ws/src/create_message_types/install/create_message_types/lib/python3.10/site-packages'
[3.776s] Level 1:colcon.colcon_core.environment:checking '/root/ros2_ws/src/create_message_types/install/create_message_types/bin'
[3.783s] INFO:colcon.colcon_core.shell:Creating package script '/root/ros2_ws/src/create_message_types/install/create_message_types/share/create_message_types/package.ps1'
[3.783s] INFO:colcon.colcon_core.shell:Creating package descriptor '/root/ros2_ws/src/create_message_types/install/create_message_types/share/create_message_types/package.dsv'
[3.783s] INFO:colcon.colcon_core.shell:Creating package script '/root/ros2_ws/src/create_message_types/install/create_message_types/share/create_message_types/package.sh'
[3.784s] INFO:colcon.colcon_core.shell:Creating package script '/root/ros2_ws/src/create_message_types/install/create_message_types/share/create_message_types/package.bash'
[3.784s] INFO:colcon.colcon_core.shell:Creating package script '/root/ros2_ws/src/create_message_types/install/create_message_types/share/create_message_types/package.zsh'
[3.784s] Level 1:colcon.colcon_core.environment:create_file_with_runtime_dependencies(/root/ros2_ws/src/create_message_types/install/create_message_types/share/colcon-core/packages/create_message_types)
[3.843s] Level 1:colcon.colcon_core.environment:create_environment_scripts_only(create_message_types)
[3.850s] Level 1:colcon.colcon_core.environment:checking '/root/ros2_ws/src/create_message_types/install/create_message_types' for CMake module files
[3.850s] Level 1:colcon.colcon_core.environment:checking '/root/ros2_ws/src/create_message_types/install/create_message_types' for CMake config files
[3.851s] Level 1:colcon.colcon_core.shell:create_environment_hook('create_message_types', 'cmake_prefix_path')
[3.857s] INFO:colcon.colcon_core.shell:Creating environment hook '/root/ros2_ws/src/create_message_types/install/create_message_types/share/create_message_types/hook/cmake_prefix_path.ps1'
[3.857s] INFO:colcon.colcon_core.shell:Creating environment descriptor '/root/ros2_ws/src/create_message_types/install/create_message_types/share/create_message_types/hook/cmake_prefix_path.dsv'
[3.857s] INFO:colcon.colcon_core.shell:Creating environment hook '/root/ros2_ws/src/create_message_types/install/create_message_types/share/create_message_types/hook/cmake_prefix_path.sh'
[3.858s] Level 1:colcon.colcon_core.environment:checking '/root/ros2_ws/src/create_message_types/install/create_message_types/lib'
[3.858s] Level 1:colcon.colcon_core.shell:create_environment_hook('create_message_types', 'ld_library_path_lib')
[3.864s] INFO:colcon.colcon_core.shell:Creating environment hook '/root/ros2_ws/src/create_message_types/install/create_message_types/share/create_message_types/hook/ld_library_path_lib.ps1'
[3.864s] INFO:colcon.colcon_core.shell:Creating environment descriptor '/root/ros2_ws/src/create_message_types/install/create_message_types/share/create_message_types/hook/ld_library_path_lib.dsv'
[3.864s] INFO:colcon.colcon_core.shell:Creating environment hook '/root/ros2_ws/src/create_message_types/install/create_message_types/share/create_message_types/hook/ld_library_path_lib.sh'
[3.864s] Level 1:colcon.colcon_core.environment:checking '/root/ros2_ws/src/create_message_types/install/create_message_types/bin'
[3.864s] Level 1:colcon.colcon_core.environment:checking '/root/ros2_ws/src/create_message_types/install/create_message_types/lib/pkgconfig/create_message_types.pc'
[3.865s] Level 1:colcon.colcon_core.environment:checking '/root/ros2_ws/src/create_message_types/install/create_message_types/lib/python3.10/site-packages'
[3.865s] Level 1:colcon.colcon_core.environment:checking '/root/ros2_ws/src/create_message_types/install/create_message_types/bin'
[3.871s] INFO:colcon.colcon_core.shell:Creating package script '/root/ros2_ws/src/create_message_types/install/create_message_types/share/create_message_types/package.ps1'
[3.871s] INFO:colcon.colcon_core.shell:Creating package descriptor '/root/ros2_ws/src/create_message_types/install/create_message_types/share/create_message_types/package.dsv'
[3.872s] INFO:colcon.colcon_core.shell:Creating package script '/root/ros2_ws/src/create_message_types/install/create_message_types/share/create_message_types/package.sh'
[3.872s] INFO:colcon.colcon_core.shell:Creating package script '/root/ros2_ws/src/create_message_types/install/create_message_types/share/create_message_types/package.bash'
[3.872s] INFO:colcon.colcon_core.shell:Creating package script '/root/ros2_ws/src/create_message_types/install/create_message_types/share/create_message_types/package.zsh'
[3.872s] Level 1:colcon.colcon_core.environment:create_file_with_runtime_dependencies(/root/ros2_ws/src/create_message_types/install/create_message_types/share/colcon-core/packages/create_message_types)
[3.872s] DEBUG:colcon.colcon_parallel_executor.executor.parallel:closing loop
[3.872s] DEBUG:colcon.colcon_parallel_executor.executor.parallel:loop closed
[3.872s] DEBUG:colcon.colcon_parallel_executor.executor.parallel:run_until_complete finished with '0'
[3.872s] DEBUG:colcon.colcon_core.event_reactor:joining thread
[3.882s] INFO:colcon.colcon_core.plugin_system:Skipping extension 'colcon_notification.desktop_notification.notify_send': Could not find 'notify-send'
[3.882s] INFO:colcon.colcon_core.plugin_system:Skipping extension 'colcon_notification.desktop_notification.terminal_notifier': Not used on non-Darwin systems
[3.882s] INFO:colcon.colcon_core.plugin_system:Skipping extension 'colcon_notification.desktop_notification.win32': Not used on non-Windows systems
[3.882s] INFO:colcon.colcon_notification.desktop_notification:Sending desktop notification using 'notify2'
[3.882s] DEBUG:colcon.colcon_notification.desktop_notification.notify2:Failed to initialize notify2: org.freedesktop.DBus.Error.NotSupported: Unable to autolaunch a dbus-daemon without a $DISPLAY for X11
[3.882s] DEBUG:colcon.colcon_core.event_reactor:joined thread
[3.889s] INFO:colcon.colcon_core.shell:Creating prefix script '/root/ros2_ws/src/create_message_types/install/local_setup.ps1'
[3.889s] INFO:colcon.colcon_core.shell:Creating prefix util module '/root/ros2_ws/src/create_message_types/install/_local_setup_util_ps1.py'
[3.890s] INFO:colcon.colcon_core.shell:Creating prefix chain script '/root/ros2_ws/src/create_message_types/install/setup.ps1'
[3.897s] INFO:colcon.colcon_core.shell:Creating prefix script '/root/ros2_ws/src/create_message_types/install/local_setup.sh'
[3.898s] INFO:colcon.colcon_core.shell:Creating prefix util module '/root/ros2_ws/src/create_message_types/install/_local_setup_util_sh.py'
[3.898s] INFO:colcon.colcon_core.shell:Creating prefix chain script '/root/ros2_ws/src/create_message_types/install/setup.sh'
[3.905s] INFO:colcon.colcon_core.shell:Creating prefix script '/root/ros2_ws/src/create_message_types/install/local_setup.bash'
[3.905s] INFO:colcon.colcon_core.shell:Creating prefix chain script '/root/ros2_ws/src/create_message_types/install/setup.bash'
[3.912s] INFO:colcon.colcon_core.shell:Creating prefix script '/root/ros2_ws/src/create_message_types/install/local_setup.zsh'
[3.912s] INFO:colcon.colcon_core.shell:Creating prefix chain script '/root/ros2_ws/src/create_message_types/install/setup.zsh'
