running egg_info
writing build/spot_cam_ros2/spot_cam_ros2.egg-info/PKG-INFO
writing dependency_links to build/spot_cam_ros2/spot_cam_ros2.egg-info/dependency_links.txt
writing entry points to build/spot_cam_ros2/spot_cam_ros2.egg-info/entry_points.txt
writing requirements to build/spot_cam_ros2/spot_cam_ros2.egg-info/requires.txt
writing top-level names to build/spot_cam_ros2/spot_cam_ros2.egg-info/top_level.txt
reading manifest file 'build/spot_cam_ros2/spot_cam_ros2.egg-info/SOURCES.txt'
writing manifest file 'build/spot_cam_ros2/spot_cam_ros2.egg-info/SOURCES.txt'
running build
running build_py
running install
running install_lib
running install_data
running install_egg_info
removing '/root/ros2_ws/src/spot_cam_ros2/install/spot_cam_ros2/lib/python3.10/site-packages/spot_cam_ros2-0.0.0-py3.10.egg-info' (and everything under it)
Copying build/spot_cam_ros2/spot_cam_ros2.egg-info to /root/ros2_ws/src/spot_cam_ros2/install/spot_cam_ros2/lib/python3.10/site-packages/spot_cam_ros2-0.0.0-py3.10.egg-info
running install_scripts
Installing hello script to /root/ros2_ws/src/spot_cam_ros2/install/spot_cam_ros2/lib/spot_cam_ros2
Installing hello2 script to /root/ros2_ws/src/spot_cam_ros2/install/spot_cam_ros2/lib/spot_cam_ros2
writing list of installed files to '/root/ros2_ws/src/spot_cam_ros2/build/spot_cam_ros2/install.log'
