[0.417s] Invoking command in '/root/ros2_ws/src/spot_cam_ros2': PYTHONPATH=/root/ros2_ws/src/spot_cam_ros2/build/spot_cam_ros2/prefix_override:/root/ros2_ws/src/spot_cam_ros2/install/spot_cam_ros2/lib/python3.10/site-packages:${PYTHONPATH} /usr/bin/python3 setup.py egg_info --egg-base build/spot_cam_ros2 build --build-base /root/ros2_ws/src/spot_cam_ros2/build/spot_cam_ros2/build install --record /root/ros2_ws/src/spot_cam_ros2/build/spot_cam_ros2/install.log --single-version-externally-managed
[0.564s] running egg_info
[0.565s] creating build/spot_cam_ros2/spot_cam_ros2.egg-info
[0.565s] writing build/spot_cam_ros2/spot_cam_ros2.egg-info/PKG-INFO
[0.565s] writing dependency_links to build/spot_cam_ros2/spot_cam_ros2.egg-info/dependency_links.txt
[0.565s] writing entry points to build/spot_cam_ros2/spot_cam_ros2.egg-info/entry_points.txt
[0.565s] writing requirements to build/spot_cam_ros2/spot_cam_ros2.egg-info/requires.txt
[0.565s] writing top-level names to build/spot_cam_ros2/spot_cam_ros2.egg-info/top_level.txt
[0.565s] writing manifest file 'build/spot_cam_ros2/spot_cam_ros2.egg-info/SOURCES.txt'
[0.566s] reading manifest file 'build/spot_cam_ros2/spot_cam_ros2.egg-info/SOURCES.txt'
[0.566s] writing manifest file 'build/spot_cam_ros2/spot_cam_ros2.egg-info/SOURCES.txt'
[0.567s] running build
[0.567s] running build_py
[0.567s] creating /root/ros2_ws/src/spot_cam_ros2/build/spot_cam_ros2/build
[0.567s] creating /root/ros2_ws/src/spot_cam_ros2/build/spot_cam_ros2/build/lib
[0.567s] creating /root/ros2_ws/src/spot_cam_ros2/build/spot_cam_ros2/build/lib/spot_cam_ros2
[0.567s] copying spot_cam_ros2/__init__.py -> /root/ros2_ws/src/spot_cam_ros2/build/spot_cam_ros2/build/lib/spot_cam_ros2
[0.567s] running install
[0.567s] /usr/local/lib/python3.10/dist-packages/setuptools/command/install.py:34: SetuptoolsDeprecationWarning: setup.py install is deprecated. Use build and pip and other standards-based tools.
[0.567s]   warnings.warn(
[0.567s] running install_lib
[0.567s] creating /root/ros2_ws/src/spot_cam_ros2/install/spot_cam_ros2/lib/python3.10/site-packages/spot_cam_ros2
[0.567s] copying /root/ros2_ws/src/spot_cam_ros2/build/spot_cam_ros2/build/lib/spot_cam_ros2/__init__.py -> /root/ros2_ws/src/spot_cam_ros2/install/spot_cam_ros2/lib/python3.10/site-packages/spot_cam_ros2
[0.568s] byte-compiling /root/ros2_ws/src/spot_cam_ros2/install/spot_cam_ros2/lib/python3.10/site-packages/spot_cam_ros2/__init__.py to __init__.cpython-310.pyc
[0.568s] running install_data
[0.568s] creating /root/ros2_ws/src/spot_cam_ros2/install/spot_cam_ros2/share/ament_index
[0.568s] creating /root/ros2_ws/src/spot_cam_ros2/install/spot_cam_ros2/share/ament_index/resource_index
[0.568s] creating /root/ros2_ws/src/spot_cam_ros2/install/spot_cam_ros2/share/ament_index/resource_index/packages
[0.568s] copying resource/spot_cam_ros2 -> /root/ros2_ws/src/spot_cam_ros2/install/spot_cam_ros2/share/ament_index/resource_index/packages
[0.568s] copying package.xml -> /root/ros2_ws/src/spot_cam_ros2/install/spot_cam_ros2/share/spot_cam_ros2
[0.568s] running install_egg_info
[0.569s] Copying build/spot_cam_ros2/spot_cam_ros2.egg-info to /root/ros2_ws/src/spot_cam_ros2/install/spot_cam_ros2/lib/python3.10/site-packages/spot_cam_ros2-0.0.0-py3.10.egg-info
[0.569s] running install_scripts
[0.582s] writing list of installed files to '/root/ros2_ws/src/spot_cam_ros2/build/spot_cam_ros2/install.log'
[0.594s] Invoked command in '/root/ros2_ws/src/spot_cam_ros2' returned '0': PYTHONPATH=/root/ros2_ws/src/spot_cam_ros2/build/spot_cam_ros2/prefix_override:/root/ros2_ws/src/spot_cam_ros2/install/spot_cam_ros2/lib/python3.10/site-packages:${PYTHONPATH} /usr/bin/python3 setup.py egg_info --egg-base build/spot_cam_ros2 build --build-base /root/ros2_ws/src/spot_cam_ros2/build/spot_cam_ros2/build install --record /root/ros2_ws/src/spot_cam_ros2/build/spot_cam_ros2/install.log --single-version-externally-managed
