/root/ros2_ws/src/spot_cam_ros2/install/spot_cam_ros2/lib/python3.10/site-packages/spot_cam_ros2/example2.py
/root/ros2_ws/src/spot_cam_ros2/install/spot_cam_ros2/lib/python3.10/site-packages/spot_cam_ros2/webrtc.py
/root/ros2_ws/src/spot_cam_ros2/install/spot_cam_ros2/lib/python3.10/site-packages/spot_cam_ros2/command_line.py
/root/ros2_ws/src/spot_cam_ros2/install/spot_cam_ros2/lib/python3.10/site-packages/spot_cam_ros2/media_log.py
/root/ros2_ws/src/spot_cam_ros2/install/spot_cam_ros2/lib/python3.10/site-packages/spot_cam_ros2/health.py
/root/ros2_ws/src/spot_cam_ros2/install/spot_cam_ros2/lib/python3.10/site-packages/spot_cam_ros2/version.py
/root/ros2_ws/src/spot_cam_ros2/install/spot_cam_ros2/lib/python3.10/site-packages/spot_cam_ros2/ptz.py
/root/ros2_ws/src/spot_cam_ros2/install/spot_cam_ros2/lib/python3.10/site-packages/spot_cam_ros2/webrtc_client.py
/root/ros2_ws/src/spot_cam_ros2/install/spot_cam_ros2/lib/python3.10/site-packages/spot_cam_ros2/compositor.py
/root/ros2_ws/src/spot_cam_ros2/install/spot_cam_ros2/lib/python3.10/site-packages/spot_cam_ros2/example.py
/root/ros2_ws/src/spot_cam_ros2/install/spot_cam_ros2/lib/python3.10/site-packages/spot_cam_ros2/utils.py
/root/ros2_ws/src/spot_cam_ros2/install/spot_cam_ros2/lib/python3.10/site-packages/spot_cam_ros2/power.py
/root/ros2_ws/src/spot_cam_ros2/install/spot_cam_ros2/lib/python3.10/site-packages/spot_cam_ros2/__init__.py
/root/ros2_ws/src/spot_cam_ros2/install/spot_cam_ros2/lib/python3.10/site-packages/spot_cam_ros2/streamquality.py
/root/ros2_ws/src/spot_cam_ros2/install/spot_cam_ros2/lib/python3.10/site-packages/spot_cam_ros2/lighting.py
/root/ros2_ws/src/spot_cam_ros2/install/spot_cam_ros2/lib/python3.10/site-packages/spot_cam_ros2/audio.py
/root/ros2_ws/src/spot_cam_ros2/install/spot_cam_ros2/lib/python3.10/site-packages/spot_cam_ros2/network.py
/root/ros2_ws/src/spot_cam_ros2/install/spot_cam_ros2/lib/python3.10/site-packages/spot_cam_ros2/__pycache__/example2.cpython-310.pyc
/root/ros2_ws/src/spot_cam_ros2/install/spot_cam_ros2/lib/python3.10/site-packages/spot_cam_ros2/__pycache__/webrtc.cpython-310.pyc
/root/ros2_ws/src/spot_cam_ros2/install/spot_cam_ros2/lib/python3.10/site-packages/spot_cam_ros2/__pycache__/command_line.cpython-310.pyc
/root/ros2_ws/src/spot_cam_ros2/install/spot_cam_ros2/lib/python3.10/site-packages/spot_cam_ros2/__pycache__/media_log.cpython-310.pyc
/root/ros2_ws/src/spot_cam_ros2/install/spot_cam_ros2/lib/python3.10/site-packages/spot_cam_ros2/__pycache__/health.cpython-310.pyc
/root/ros2_ws/src/spot_cam_ros2/install/spot_cam_ros2/lib/python3.10/site-packages/spot_cam_ros2/__pycache__/version.cpython-310.pyc
/root/ros2_ws/src/spot_cam_ros2/install/spot_cam_ros2/lib/python3.10/site-packages/spot_cam_ros2/__pycache__/ptz.cpython-310.pyc
/root/ros2_ws/src/spot_cam_ros2/install/spot_cam_ros2/lib/python3.10/site-packages/spot_cam_ros2/__pycache__/webrtc_client.cpython-310.pyc
/root/ros2_ws/src/spot_cam_ros2/install/spot_cam_ros2/lib/python3.10/site-packages/spot_cam_ros2/__pycache__/compositor.cpython-310.pyc
/root/ros2_ws/src/spot_cam_ros2/install/spot_cam_ros2/lib/python3.10/site-packages/spot_cam_ros2/__pycache__/example.cpython-310.pyc
/root/ros2_ws/src/spot_cam_ros2/install/spot_cam_ros2/lib/python3.10/site-packages/spot_cam_ros2/__pycache__/utils.cpython-310.pyc
/root/ros2_ws/src/spot_cam_ros2/install/spot_cam_ros2/lib/python3.10/site-packages/spot_cam_ros2/__pycache__/power.cpython-310.pyc
/root/ros2_ws/src/spot_cam_ros2/install/spot_cam_ros2/lib/python3.10/site-packages/spot_cam_ros2/__pycache__/__init__.cpython-310.pyc
/root/ros2_ws/src/spot_cam_ros2/install/spot_cam_ros2/lib/python3.10/site-packages/spot_cam_ros2/__pycache__/streamquality.cpython-310.pyc
/root/ros2_ws/src/spot_cam_ros2/install/spot_cam_ros2/lib/python3.10/site-packages/spot_cam_ros2/__pycache__/lighting.cpython-310.pyc
/root/ros2_ws/src/spot_cam_ros2/install/spot_cam_ros2/lib/python3.10/site-packages/spot_cam_ros2/__pycache__/audio.cpython-310.pyc
/root/ros2_ws/src/spot_cam_ros2/install/spot_cam_ros2/lib/python3.10/site-packages/spot_cam_ros2/__pycache__/network.cpython-310.pyc
/root/ros2_ws/src/spot_cam_ros2/install/spot_cam_ros2/share/ament_index/resource_index/packages/spot_cam_ros2
/root/ros2_ws/src/spot_cam_ros2/install/spot_cam_ros2/share/spot_cam_ros2/package.xml
/root/ros2_ws/src/spot_cam_ros2/install/spot_cam_ros2/lib/python3.10/site-packages/spot_cam_ros2-0.0.0-py3.10.egg-info/entry_points.txt
/root/ros2_ws/src/spot_cam_ros2/install/spot_cam_ros2/lib/python3.10/site-packages/spot_cam_ros2-0.0.0-py3.10.egg-info/dependency_links.txt
/root/ros2_ws/src/spot_cam_ros2/install/spot_cam_ros2/lib/python3.10/site-packages/spot_cam_ros2-0.0.0-py3.10.egg-info/zip-safe
/root/ros2_ws/src/spot_cam_ros2/install/spot_cam_ros2/lib/python3.10/site-packages/spot_cam_ros2-0.0.0-py3.10.egg-info/PKG-INFO
/root/ros2_ws/src/spot_cam_ros2/install/spot_cam_ros2/lib/python3.10/site-packages/spot_cam_ros2-0.0.0-py3.10.egg-info/SOURCES.txt
/root/ros2_ws/src/spot_cam_ros2/install/spot_cam_ros2/lib/python3.10/site-packages/spot_cam_ros2-0.0.0-py3.10.egg-info/requires.txt
/root/ros2_ws/src/spot_cam_ros2/install/spot_cam_ros2/lib/python3.10/site-packages/spot_cam_ros2-0.0.0-py3.10.egg-info/top_level.txt
/root/ros2_ws/src/spot_cam_ros2/install/spot_cam_ros2/lib/spot_cam_ros2/hello
/root/ros2_ws/src/spot_cam_ros2/install/spot_cam_ros2/lib/spot_cam_ros2/hello2
